1113 [main] WARN  FTtransport.UnitTests - Transfer:{"cid":"563744871","operation":"COPY","sourceFilename":"/opt/dmz/sys5/out/transfer1.txt","targetFilename":"/opt/dmz/sys5/out/test12563744870.txt"}
1408 [main] WARN  FTtransport.UnitTests - Message sent:{"cid":"563744871","operation":"PUT_TO_STORAGE","sourceSystem":"system-5-dmz","targetSystem":"filestore","originalFilename":"test12563744870.txt"}
13091 [main] WARN  FTtransport.UnitTests - Message sent:{"cid":"563744870","fileId":"1103a655-9d2c-4eaa-b3e6-7731e8607e3b","operation":"GET_FROM_STORAGE","sourceSystem":"filestore","targetSystem":"system-5-dmz"}
15744 [main] WARN  FTtransport.UnitTests - Value traceId for Recieved:293d689801dec9ba
15976 [main] WARN  FTtransport.UnitTests - Recieved sent:{"cid":"563744870","traceId":"293d689801dec9ba","type":"FILE_RECEIVED"}
26136 [main] WARN  FTtransport.UnitTests - 
Sending 'GET' request to URL : http://fs-app-lan-tst.vsk.ru:8083/ft-agent/status/293d689801dec9ba
26136 [main] WARN  FTtransport.UnitTests - Response Code : 200
26397 [main] WARN  FTtransport.UnitTests - Transfer:{"cid":"282993443","isOverrideIfExists":true,"isRemoveFromSource":false,"sourceFilename":"/opt/dmz/sys2/out/biga.txt","targetFilename":"/opt/lan/sys1/out/big.txt"}
26630 [main] WARN  FTtransport.UnitTests - Message sent:{"cid":"282993443","operation":"PUT_FILE","sourceSystem":"system-1","targetSystem":"system-3","originalFilename":"big.txt"}
77542 [main] WARN  FTtransport.UnitTests - Value traceId for Recieved:a1e34c096012b967
77542 [main] WARN  FTtransport.UnitTests - Value traceId for Recieved:a1e34c096012b967
77780 [main] WARN  FTtransport.UnitTests - Recieved sent:{"cid":"282993443","traceId":"a1e34c096012b967","type":"FILE_RECEIVED","fileId":"08752203-3344-4687-a3d8-1090d4d76ed4"}
87849 [main] WARN  FTtransport.UnitTests - 
Sending 'GET' request to URL : http://fs-app-lan-tst.vsk.ru:8083/ft-agent/status/a1e34c096012b967
87849 [main] WARN  FTtransport.UnitTests - Response Code : 200
88091 [main] WARN  FTtransport.UnitTests - Transfer:{"cid":"468043142","operation":"COPY","sourceFilename":"/opt/dmz/sys5/out/transfer1.txt","targetFilename":"/opt/lan/sys1/out/test1468043142.txt"}
88319 [main] WARN  FTtransport.UnitTests - Message sent:{"cid":"468043142","operation":"PUT_FILE","sourceSystem":"system-1","targetSystem":"system-3","originalFilename":"test1468043142.txt"}
139226 [main] WARN  FTtransport.UnitTests - Value traceId for Recieved:78ddd4f76c022548
139460 [main] WARN  FTtransport.UnitTests - Recieved sent:{"cid":"468043142","traceId":"78ddd4f76c022548","type":"FILE_RECEIVED","fileId":"c2b3daab-5f49-4de8-812e-76b9f3c88f56"}
149530 [main] WARN  FTtransport.UnitTests - 
Sending 'GET' request to URL : http://fs-app-lan-tst.vsk.ru:8083/ft-agent/status/78ddd4f76c022548
149530 [main] WARN  FTtransport.UnitTests - Response Code : 200
149768 [main] WARN  FTtransport.UnitTests - Transfer:{"cid":"762721552","operation":"COPY","sourceFilename":"/opt/dmz/sys5/out/transfer1.txt","targetFilename":"/opt/lan/sys4/out/format"}
150002 [main] WARN  FTtransport.UnitTests - Message sent:{"cid":"762721552","operation":"PUT_FILE","sourceSystem":"system-4","targetSystem":"system-1","originalFilename":"format"}
200904 [main] WARN  FTtransport.UnitTests - Value traceId for Recieved:cd878e383f305577
201139 [main] WARN  FTtransport.UnitTests - Recieved sent:{"cid":"762721552","traceId":"cd878e383f305577","type":"FILE_RECEIVED","fileId":"19412da6-1f8c-4896-adbd-0a04109cb8ab"}
211208 [main] WARN  FTtransport.UnitTests - 
Sending 'GET' request to URL : http://fs-app-lan-tst.vsk.ru:8083/ft-agent/status/cd878e383f305577
211208 [main] WARN  FTtransport.UnitTests - Response Code : 200
211449 [main] WARN  FTtransport.UnitTests - Transfer:{"cid":"768890364","operation":"COPY","sourceFilename":"/opt/dmz/sys5/out/transfer1.txt","targetFilename":"/opt/dmz/sys2/out/test1768890364.txt"}
211686 [main] WARN  FTtransport.UnitTests - Message sent:{"cid":"768890364","fileId":"20a70e1e-6c86-41bd-bb89-d92b1424cfdc","operation":"GET_FILE","sourceSystem":"system-2-dmz","targetSystem":"system-1"}
212092 [main] WARN  FTtransport.UnitTests - Value traceId for Recieved:94f0130f9cf99df0
212092 [main] WARN  FTtransport.UnitTests - Value traceId for Recieved:94f0130f9cf99df0
212331 [main] WARN  FTtransport.UnitTests - Message sent:{"cid":"768890364","operation":"PUT_FILE","traceId":"94f0130f9cf99df0","sourceSystem":"system-2-dmz","targetSystem":"system-1","originalFilename":"test1768890364.txt"}
213492 [main] WARN  FTtransport.UnitTests - Recieved sent:{"cid":"768890364","traceId":"94f0130f9cf99df0","type":"FILE_RECEIVED"}
223533 [main] WARN  FTtransport.UnitTests - 
Sending 'GET' request to URL : http://fs-app-lan-tst.vsk.ru:8083/ft-agent/status/94f0130f9cf99df0
223533 [main] WARN  FTtransport.UnitTests - Response Code : 200
223785 [main] WARN  FTtransport.UnitTests - Transfer:{"cid":"148446120","operation":"COPY","sourceFilename":"/opt/dmz/sys5/out/transfer1.txt","targetFilename":"/opt/lan/sys4/out/test12148446119.txt"}
224024 [main] WARN  FTtransport.UnitTests - Message sent:{"cid":"148446120","operation":"PUT_TO_STORAGE","sourceSystem":"system-4","originalFilename":"test12148446119.txt"}
229804 [main] WARN  FTtransport.UnitTests - Message sent:{"cid":"148446119","fileId":"0239c7d0-dcaf-4932-ba1b-e1ee20d39519","operation":"GET_FROM_STORAGE","targetSystem":"system-4"}
231677 [main] WARN  FTtransport.UnitTests - Value traceId for Recieved:bfca3597d822bb39
231924 [main] WARN  FTtransport.UnitTests - Recieved sent:{"cid":"148446119","traceId":"bfca3597d822bb39","type":"FILE_RECEIVED"}
241970 [main] WARN  FTtransport.UnitTests - 
Sending 'GET' request to URL : http://fs-app-lan-tst.vsk.ru:8083/ft-agent/status/bfca3597d822bb39
241970 [main] WARN  FTtransport.UnitTests - Response Code : 200
242212 [main] WARN  FTtransport.UnitTests - Transfer:{"cid":"802673830","operation":"COPY","sourceFilename":"/opt/dmz/sys5/out/transfer1.txt","targetFilename":"/opt/dmz/sys5/out/test12802673829.txt"}
242483 [main] WARN  FTtransport.UnitTests - Message sent:{"cid":"802673830","operation":"PUT_TO_STORAGE","sourceSystem":"system-5-dmz","originalFilename":"test12802673829.txt"}
249253 [main] WARN  FTtransport.UnitTests - Message sent:{"cid":"802673829","fileId":"83a4dea2-5faf-489e-b625-97ae8b79f252","operation":"GET_FROM_STORAGE","targetSystem":"system-5-dmz"}
251653 [main] WARN  FTtransport.UnitTests - Value traceId for Recieved:fd5ac2d76cdbf4fd
251895 [main] WARN  FTtransport.UnitTests - Recieved sent:{"cid":"802673829","traceId":"fd5ac2d76cdbf4fd","type":"FILE_RECEIVED"}
261937 [main] WARN  FTtransport.UnitTests - 
Sending 'GET' request to URL : http://fs-app-lan-tst.vsk.ru:8083/ft-agent/status/fd5ac2d76cdbf4fd
261937 [main] WARN  FTtransport.UnitTests - Response Code : 200
262174 [main] WARN  FTtransport.UnitTests - Transfer:{"cid":"871540259","operation":"COPY","sourceFilename":"/opt/dmz/sys5/out/transfer1.txt","targetFilename":"/opt/lan/sys4/out/test1871540259.txt"}
262409 [main] WARN  FTtransport.UnitTests - Message sent:{"cid":"871540259","operation":"PUT_TO_STORAGE","sourceSystem":"system-4","originalFilename":"test1871540259.txt"}
268489 [main] WARN  FTtransport.UnitTests - Value traceId for Recieved:2277bbc1582e12bb
268490 [main] WARN  FTtransport.UnitTests - Value traceId for Recieved:2277bbc1582e12bb
278529 [main] WARN  FTtransport.UnitTests - 
Sending 'GET' request to URL : http://fs-app-lan-tst.vsk.ru:8083/ft-agent/status/2277bbc1582e12bb
278530 [main] WARN  FTtransport.UnitTests - Response Code : 200
278794 [main] WARN  FTtransport.UnitTests - Transfer:{"cid":"861120930","operation":"COPY","sourceFilename":"/opt/dmz/sys5/out/transfer1.txt","targetFilename":"/opt/lan/sys3/out/test1861120930.txt"}
279060 [main] WARN  FTtransport.UnitTests - Message sent:{"cid":"861120930","fileId":"ae90469d-52d8-4045-9e36-121b15f55f64","operation":"GET_FILE","sourceSystem":"system-3","targetSystem":"system-1"}
282958 [main] WARN  FTtransport.UnitTests - Value traceId for Recieved:cafdbdba9de5df94
282959 [main] WARN  FTtransport.UnitTests - Value traceId for Recieved:cafdbdba9de5df94
283190 [main] WARN  FTtransport.UnitTests - Message sent:{"cid":"861120930","operation":"PUT_FILE","traceId":"cafdbdba9de5df94","sourceSystem":"system-3","targetSystem":"system-1","originalFilename":"test1861120930.txt"}
284356 [main] WARN  FTtransport.UnitTests - Recieved sent:{"cid":"861120930","traceId":"cafdbdba9de5df94","type":"FILE_RECEIVED"}
294396 [main] WARN  FTtransport.UnitTests - 
Sending 'GET' request to URL : http://fs-app-lan-tst.vsk.ru:8083/ft-agent/status/cafdbdba9de5df94
294396 [main] WARN  FTtransport.UnitTests - Response Code : 200
294640 [main] WARN  FTtransport.UnitTests - Transfer:{"cid":"166652140","operation":"COPY","sourceFilename":"/opt/dmz/sys5/out/transfer1.txt","targetFilename":"/opt/dmz/sys5/out/test1166652140.txt"}
294893 [main] WARN  FTtransport.UnitTests - Message sent:{"cid":"166652140","fileId":"885c2ccf-d9f9-457d-b9ef-4c1f25ab503b","operation":"GET_FILE","sourceSystem":"system-5-dmz","targetSystem":"system-4"}
295305 [main] WARN  FTtransport.UnitTests - Value traceId for Recieved:1ae0fa45a2e54126
295306 [main] WARN  FTtransport.UnitTests - Value traceId for Recieved:1ae0fa45a2e54126
295553 [main] WARN  FTtransport.UnitTests - Message sent:{"cid":"166652140","operation":"PUT_FILE","traceId":"1ae0fa45a2e54126","sourceSystem":"system-5-dmz","targetSystem":"system-4","originalFilename":"test1166652140.txt"}
299170 [main] WARN  FTtransport.UnitTests - Recieved sent:{"cid":"166652140","traceId":"1ae0fa45a2e54126","type":"FILE_RECEIVED"}
309208 [main] WARN  FTtransport.UnitTests - 
Sending 'GET' request to URL : http://fs-app-lan-tst.vsk.ru:8083/ft-agent/status/1ae0fa45a2e54126
309208 [main] WARN  FTtransport.UnitTests - Response Code : 200
312453 [main] WARN  FTtransport.UnitTests - Transfer:{"cid":"684511310","operation":"COPY","sourceFilename":"/opt/dmz/sys5/out/transfer1.txt","targetFilename":"/opt/lan/sys4/out/test1684511310.txt"}
312688 [main] WARN  FTtransport.UnitTests - Message sent:{"cid":"684511310","fileId":"3b26670f-fb61-4b2e-80df-1ba8635d3cb9","operation":"GET_FILE","sourceSystem":"system-4","targetSystem":"system-1"}
313585 [main] WARN  FTtransport.UnitTests - Value traceId for Recieved:38040eaec164789c
313586 [main] WARN  FTtransport.UnitTests - Value traceId for Recieved:38040eaec164789c
313829 [main] WARN  FTtransport.UnitTests - Message sent:{"cid":"684511310","operation":"PUT_FILE","traceId":"38040eaec164789c","sourceSystem":"system-4","targetSystem":"system-1","originalFilename":"test1684511310.txt"}
315916 [main] WARN  FTtransport.UnitTests - Recieved sent:{"cid":"684511310","traceId":"38040eaec164789c","type":"FILE_RECEIVED"}
325955 [main] WARN  FTtransport.UnitTests - 
Sending 'GET' request to URL : http://fs-app-lan-tst.vsk.ru:8083/ft-agent/status/38040eaec164789c
325955 [main] WARN  FTtransport.UnitTests - Response Code : 200
326207 [main] WARN  FTtransport.UnitTests - Transfer:{"cid":"713036087","operation":"COPY","sourceFilename":"/opt/dmz/sys5/out/transfer1.txt","targetFilename":"/opt/dmz/sys5/out/test1713036087.txt"}
326451 [main] WARN  FTtransport.UnitTests - Message sent:{"cid":"713036087","operation":"PUT_FILE","sourceSystem":"system-5-dmz","targetSystem":"system-4","originalFilename":"test1713036087.txt"}
376870 [main] WARN  FTtransport.UnitTests - Value traceId for Recieved:99db851d74fef28b
377105 [main] WARN  FTtransport.UnitTests - Recieved sent:{"cid":"713036087","traceId":"99db851d74fef28b","type":"FILE_RECEIVED","fileId":"6d391477-54ce-476b-b028-e810ce52a699"}
387202 [main] WARN  FTtransport.UnitTests - 
Sending 'GET' request to URL : http://fs-app-lan-tst.vsk.ru:8083/ft-agent/status/99db851d74fef28b
387202 [main] WARN  FTtransport.UnitTests - Response Code : 200
387440 [main] WARN  FTtransport.UnitTests - Transfer:{"cid":"491986758","operation":"COPY","sourceFilename":"/opt/dmz/sys5/out/transfer1.txt","targetFilename":"/opt/lan/sys4/out/test1491986758.txt"}
387670 [main] WARN  FTtransport.UnitTests - Message sent:{"cid":"491986758","operation":"PUT_FILE","sourceSystem":"system-4","targetSystem":"system-1","originalFilename":"test1491986758.txt"}
438095 [main] WARN  FTtransport.UnitTests - Value traceId for Recieved:d5f21346281feccc
438331 [main] WARN  FTtransport.UnitTests - Recieved sent:{"cid":"491986758","traceId":"d5f21346281feccc","type":"FILE_RECEIVED","fileId":"0d23e283-08b3-4f42-987c-e277d7a5443a"}
448399 [main] WARN  FTtransport.UnitTests - 
Sending 'GET' request to URL : http://fs-app-lan-tst.vsk.ru:8083/ft-agent/status/d5f21346281feccc
448400 [main] WARN  FTtransport.UnitTests - Response Code : 200
448638 [main] WARN  FTtransport.UnitTests - Transfer:{"cid":"81831941","operation":"COPY","sourceFilename":"/opt/dmz/sys5/out/transfer1.txt","targetFilename":"/opt/dmz/sys2/out/test181831941.txt"}
448874 [main] WARN  FTtransport.UnitTests - Message sent:{"cid":"81831941","operation":"PUT_FILE","sourceSystem":"system-2-dmz","targetSystem":"system-1","originalFilename":"test181831941.txt"}
499296 [main] WARN  FTtransport.UnitTests - Value traceId for Recieved:13c02437cacc2350
499529 [main] WARN  FTtransport.UnitTests - Recieved sent:{"cid":"81831941","traceId":"13c02437cacc2350","type":"FILE_RECEIVED","fileId":"1b1c6392-e8b7-4086-9fd4-8d45cd506c45"}
509596 [main] WARN  FTtransport.UnitTests - 
Sending 'GET' request to URL : http://fs-app-lan-tst.vsk.ru:8083/ft-agent/status/13c02437cacc2350
509597 [main] WARN  FTtransport.UnitTests - Response Code : 200
509833 [main] WARN  FTtransport.UnitTests - Transfer:{"cid":"213178820","operation":"COPY","sourceFilename":"/opt/dmz/sys5/out/transfer1.txt","targetFilename":"/opt/lan/sys1/out/test1213178820.txt"}
510066 [main] WARN  FTtransport.UnitTests - Message sent:{"cid":"213178820","operation":"PUT_FILE","sourceSystem":"system-1","targetSystem":"system-3","originalFilename":"nofile"}
560855 [main] WARN  FTtransport.UnitTests - Value traceId for Recieved:221b78a7925b41f3
560856 [main] WARN  FTtransport.UnitTests - Value traceId for Recieved:221b78a7925b41f3
561080 [main] WARN  FTtransport.UnitTests - Recieved sent:{"cid":"213178820","traceId":"221b78a7925b41f3","type":"FILE_RECEIVED","fileId":"9cf0fe6e-d179-4b61-8949-f8c2e84a61e1"}
571145 [main] WARN  FTtransport.UnitTests - 
Sending 'GET' request to URL : http://fs-app-lan-tst.vsk.ru:8083/ft-agent/status/221b78a7925b41f3
571145 [main] WARN  FTtransport.UnitTests - Response Code : 200
571685 [main] WARN  FTtransport.UnitTests - Transfer:{"cid":"830510002","operation":"COPY","sourceFilename":"/opt/dmz/sys5/out/transfer1.txt","targetFilename":"/opt/lan/sys4/out/test12830510001.txt"}
571913 [main] WARN  FTtransport.UnitTests - Message sent:{"cid":"830510002","operation":"PUT_TO_STORAGE","sourceSystem":"system-4","targetSystem":"filestore","originalFilename":"test12830510001.txt"}
2154460 [main] WARN  o.a.kafka.clients.NetworkClient - [Consumer clientId=consumer-test-4071, groupId=test] Error connecting to node kafka-n1-tst:9092 (id: 0 rack: null)
java.net.SocketException: No buffer space available (maximum connections reached?): connect
	at java.base/sun.nio.ch.Net.connect0(Native Method) ~[na:na]
	at java.base/sun.nio.ch.Net.connect(Net.java:476) ~[na:na]
	at java.base/sun.nio.ch.Net.connect(Net.java:468) ~[na:na]
	at java.base/sun.nio.ch.SocketChannelImpl.connect(SocketChannelImpl.java:694) ~[na:na]
	at org.apache.kafka.common.network.Selector.doConnect(Selector.java:277) ~[kafka-clients-2.5.0.jar:na]
	at org.apache.kafka.common.network.Selector.connect(Selector.java:255) ~[kafka-clients-2.5.0.jar:na]
	at org.apache.kafka.clients.NetworkClient.initiateConnect(NetworkClient.java:957) ~[kafka-clients-2.5.0.jar:na]
	at org.apache.kafka.clients.NetworkClient.ready(NetworkClient.java:293) ~[kafka-clients-2.5.0.jar:na]
	at org.apache.kafka.clients.consumer.internals.ConsumerNetworkClient.trySend(ConsumerNetworkClient.java:495) ~[kafka-clients-2.5.0.jar:na]
	at org.apache.kafka.clients.consumer.internals.ConsumerNetworkClient.poll(ConsumerNetworkClient.java:252) ~[kafka-clients-2.5.0.jar:na]
	at org.apache.kafka.clients.consumer.internals.ConsumerNetworkClient.poll(ConsumerNetworkClient.java:233) ~[kafka-clients-2.5.0.jar:na]
	at org.apache.kafka.clients.consumer.internals.ConsumerNetworkClient.poll(ConsumerNetworkClient.java:212) ~[kafka-clients-2.5.0.jar:na]
	at org.apache.kafka.clients.consumer.internals.AbstractCoordinator.ensureCoordinatorReady(AbstractCoordinator.java:236) ~[kafka-clients-2.5.0.jar:na]
	at org.apache.kafka.clients.consumer.internals.ConsumerCoordinator.fetchCommittedOffsets(ConsumerCoordinator.java:820) ~[kafka-clients-2.5.0.jar:na]
	at org.apache.kafka.clients.consumer.internals.ConsumerCoordinator.refreshCommittedOffsetsIfNeeded(ConsumerCoordinator.java:772) ~[kafka-clients-2.5.0.jar:na]
	at org.apache.kafka.clients.consumer.KafkaConsumer.updateFetchPositions(KafkaConsumer.java:2387) ~[kafka-clients-2.5.0.jar:na]
	at org.apache.kafka.clients.consumer.KafkaConsumer.updateAssignmentMetadataIfNeeded(KafkaConsumer.java:1279) ~[kafka-clients-2.5.0.jar:na]
	at org.apache.kafka.clients.consumer.KafkaConsumer.poll(KafkaConsumer.java:1243) ~[kafka-clients-2.5.0.jar:na]
	at org.apache.kafka.clients.consumer.KafkaConsumer.poll(KafkaConsumer.java:1173) ~[kafka-clients-2.5.0.jar:na]
	at FTtransport.KafkaTest.consumeTypeMethod(KafkaTest.java:324) ~[test-classes/:na]
	at FTtransport.TestFT.getFromStorage(TestFT.java:285) ~[test-classes/:na]
	at FTtransport.UnitTests.ft_getFromStorage_4withStringSource_COMPLETED(UnitTests.java:154) ~[test-classes/:na]
	at java.base/jdk.internal.reflect.NativeMethodAccessorImpl.invoke0(Native Method) ~[na:na]
	at java.base/jdk.internal.reflect.NativeMethodAccessorImpl.invoke(NativeMethodAccessorImpl.java:62) ~[na:na]
	at java.base/jdk.internal.reflect.DelegatingMethodAccessorImpl.invoke(DelegatingMethodAccessorImpl.java:43) ~[na:na]
	at java.base/java.lang.reflect.Method.invoke(Method.java:567) ~[na:na]
	at org.junit.platform.commons.util.ReflectionUtils.invokeMethod(ReflectionUtils.java:688) ~[junit-platform-commons-1.7.0-M1.jar:1.7.0-M1]
	at org.junit.jupiter.engine.execution.MethodInvocation.proceed(MethodInvocation.java:60) ~[junit-jupiter-engine-5.7.0-M1.jar:5.7.0-M1]
	at org.junit.jupiter.engine.execution.InvocationInterceptorChain$ValidatingInvocation.proceed(InvocationInterceptorChain.java:131) ~[junit-jupiter-engine-5.7.0-M1.jar:5.7.0-M1]
	at org.junit.jupiter.engine.extension.TimeoutExtension.intercept(TimeoutExtension.java:149) ~[junit-jupiter-engine-5.7.0-M1.jar:5.7.0-M1]
	at org.junit.jupiter.engine.extension.TimeoutExtension.interceptTestableMethod(TimeoutExtension.java:140) ~[junit-jupiter-engine-5.7.0-M1.jar:5.7.0-M1]
	at org.junit.jupiter.engine.extension.TimeoutExtension.interceptTestMethod(TimeoutExtension.java:84) ~[junit-jupiter-engine-5.7.0-M1.jar:5.7.0-M1]
	at org.junit.jupiter.engine.execution.ExecutableInvoker$ReflectiveInterceptorCall.lambda$ofVoidMethod$0(ExecutableInvoker.java:115) ~[junit-jupiter-engine-5.7.0-M1.jar:5.7.0-M1]
	at org.junit.jupiter.engine.execution.ExecutableInvoker.lambda$invoke$0(ExecutableInvoker.java:105) ~[junit-jupiter-engine-5.7.0-M1.jar:5.7.0-M1]
	at org.junit.jupiter.engine.execution.InvocationInterceptorChain$InterceptedInvocation.proceed(InvocationInterceptorChain.java:106) ~[junit-jupiter-engine-5.7.0-M1.jar:5.7.0-M1]
	at org.junit.jupiter.engine.execution.InvocationInterceptorChain.proceed(InvocationInterceptorChain.java:64) ~[junit-jupiter-engine-5.7.0-M1.jar:5.7.0-M1]
	at org.junit.jupiter.engine.execution.InvocationInterceptorChain.chainAndInvoke(InvocationInterceptorChain.java:45) ~[junit-jupiter-engine-5.7.0-M1.jar:5.7.0-M1]
	at org.junit.jupiter.engine.execution.InvocationInterceptorChain.invoke(InvocationInterceptorChain.java:37) ~[junit-jupiter-engine-5.7.0-M1.jar:5.7.0-M1]
	at org.junit.jupiter.engine.execution.ExecutableInvoker.invoke(ExecutableInvoker.java:104) ~[junit-jupiter-engine-5.7.0-M1.jar:5.7.0-M1]
	at org.junit.jupiter.engine.execution.ExecutableInvoker.invoke(ExecutableInvoker.java:98) ~[junit-jupiter-engine-5.7.0-M1.jar:5.7.0-M1]
	at org.junit.jupiter.engine.descriptor.TestMethodTestDescriptor.lambda$invokeTestMethod$6(TestMethodTestDescriptor.java:212) ~[junit-jupiter-engine-5.7.0-M1.jar:5.7.0-M1]
	at org.junit.platform.engine.support.hierarchical.ThrowableCollector.execute(ThrowableCollector.java:73) ~[junit-platform-engine-1.7.0-M1.jar:1.7.0-M1]
	at org.junit.jupiter.engine.descriptor.TestMethodTestDescriptor.invokeTestMethod(TestMethodTestDescriptor.java:208) ~[junit-jupiter-engine-5.7.0-M1.jar:5.7.0-M1]
	at org.junit.jupiter.engine.descriptor.TestMethodTestDescriptor.execute(TestMethodTestDescriptor.java:137) ~[junit-jupiter-engine-5.7.0-M1.jar:5.7.0-M1]
	at org.junit.jupiter.engine.descriptor.TestMethodTestDescriptor.execute(TestMethodTestDescriptor.java:71) ~[junit-jupiter-engine-5.7.0-M1.jar:5.7.0-M1]
	at org.junit.platform.engine.support.hierarchical.NodeTestTask.lambda$executeRecursively$5(NodeTestTask.java:139) ~[junit-platform-engine-1.7.0-M1.jar:1.7.0-M1]
	at org.junit.platform.engine.support.hierarchical.ThrowableCollector.execute(ThrowableCollector.java:73) ~[junit-platform-engine-1.7.0-M1.jar:1.7.0-M1]
	at org.junit.platform.engine.support.hierarchical.NodeTestTask.lambda$executeRecursively$7(NodeTestTask.java:129) ~[junit-platform-engine-1.7.0-M1.jar:1.7.0-M1]
	at org.junit.platform.engine.support.hierarchical.Node.around(Node.java:137) ~[junit-platform-engine-1.7.0-M1.jar:1.7.0-M1]
	at org.junit.platform.engine.support.hierarchical.NodeTestTask.lambda$executeRecursively$8(NodeTestTask.java:127) ~[junit-platform-engine-1.7.0-M1.jar:1.7.0-M1]
	at org.junit.platform.engine.support.hierarchical.ThrowableCollector.execute(ThrowableCollector.java:73) ~[junit-platform-engine-1.7.0-M1.jar:1.7.0-M1]
	at org.junit.platform.engine.support.hierarchical.NodeTestTask.executeRecursively(NodeTestTask.java:126) ~[junit-platform-engine-1.7.0-M1.jar:1.7.0-M1]
	at org.junit.platform.engine.support.hierarchical.NodeTestTask.execute(NodeTestTask.java:84) ~[junit-platform-engine-1.7.0-M1.jar:1.7.0-M1]
	at java.base/java.util.ArrayList.forEach(ArrayList.java:1540) ~[na:na]
	at org.junit.platform.engine.support.hierarchical.SameThreadHierarchicalTestExecutorService.invokeAll(SameThreadHierarchicalTestExecutorService.java:38) ~[junit-platform-engine-1.7.0-M1.jar:1.7.0-M1]
	at org.junit.platform.engine.support.hierarchical.NodeTestTask.lambda$executeRecursively$5(NodeTestTask.java:143) ~[junit-platform-engine-1.7.0-M1.jar:1.7.0-M1]
	at org.junit.platform.engine.support.hierarchical.ThrowableCollector.execute(ThrowableCollector.java:73) ~[junit-platform-engine-1.7.0-M1.jar:1.7.0-M1]
	at org.junit.platform.engine.support.hierarchical.NodeTestTask.lambda$executeRecursively$7(NodeTestTask.java:129) ~[junit-platform-engine-1.7.0-M1.jar:1.7.0-M1]
	at org.junit.platform.engine.support.hierarchical.Node.around(Node.java:137) ~[junit-platform-engine-1.7.0-M1.jar:1.7.0-M1]
	at org.junit.platform.engine.support.hierarchical.NodeTestTask.lambda$executeRecursively$8(NodeTestTask.java:127) ~[junit-platform-engine-1.7.0-M1.jar:1.7.0-M1]
	at org.junit.platform.engine.support.hierarchical.ThrowableCollector.execute(ThrowableCollector.java:73) ~[junit-platform-engine-1.7.0-M1.jar:1.7.0-M1]
	at org.junit.platform.engine.support.hierarchical.NodeTestTask.executeRecursively(NodeTestTask.java:126) ~[junit-platform-engine-1.7.0-M1.jar:1.7.0-M1]
	at org.junit.platform.engine.support.hierarchical.NodeTestTask.execute(NodeTestTask.java:84) ~[junit-platform-engine-1.7.0-M1.jar:1.7.0-M1]
	at java.base/java.util.ArrayList.forEach(ArrayList.java:1540) ~[na:na]
	at org.junit.platform.engine.support.hierarchical.SameThreadHierarchicalTestExecutorService.invokeAll(SameThreadHierarchicalTestExecutorService.java:38) ~[junit-platform-engine-1.7.0-M1.jar:1.7.0-M1]
	at org.junit.platform.engine.support.hierarchical.NodeTestTask.lambda$executeRecursively$5(NodeTestTask.java:143) ~[junit-platform-engine-1.7.0-M1.jar:1.7.0-M1]
	at org.junit.platform.engine.support.hierarchical.ThrowableCollector.execute(ThrowableCollector.java:73) ~[junit-platform-engine-1.7.0-M1.jar:1.7.0-M1]
	at org.junit.platform.engine.support.hierarchical.NodeTestTask.lambda$executeRecursively$7(NodeTestTask.java:129) ~[junit-platform-engine-1.7.0-M1.jar:1.7.0-M1]
	at org.junit.platform.engine.support.hierarchical.Node.around(Node.java:137) ~[junit-platform-engine-1.7.0-M1.jar:1.7.0-M1]
	at org.junit.platform.engine.support.hierarchical.NodeTestTask.lambda$executeRecursively$8(NodeTestTask.java:127) ~[junit-platform-engine-1.7.0-M1.jar:1.7.0-M1]
	at org.junit.platform.engine.support.hierarchical.ThrowableCollector.execute(ThrowableCollector.java:73) ~[junit-platform-engine-1.7.0-M1.jar:1.7.0-M1]
	at org.junit.platform.engine.support.hierarchical.NodeTestTask.executeRecursively(NodeTestTask.java:126) ~[junit-platform-engine-1.7.0-M1.jar:1.7.0-M1]
	at org.junit.platform.engine.support.hierarchical.NodeTestTask.execute(NodeTestTask.java:84) ~[junit-platform-engine-1.7.0-M1.jar:1.7.0-M1]
	at org.junit.platform.engine.support.hierarchical.SameThreadHierarchicalTestExecutorService.submit(SameThreadHierarchicalTestExecutorService.java:32) ~[junit-platform-engine-1.7.0-M1.jar:1.7.0-M1]
	at org.junit.platform.engine.support.hierarchical.HierarchicalTestExecutor.execute(HierarchicalTestExecutor.java:57) ~[junit-platform-engine-1.7.0-M1.jar:1.7.0-M1]
	at org.junit.platform.engine.support.hierarchical.HierarchicalTestEngine.execute(HierarchicalTestEngine.java:51) ~[junit-platform-engine-1.7.0-M1.jar:1.7.0-M1]
	at org.junit.platform.launcher.core.EngineExecutionOrchestrator.execute(EngineExecutionOrchestrator.java:107) ~[junit-platform-launcher-1.7.0-M1.jar:1.7.0-M1]
	at org.junit.platform.launcher.core.EngineExecutionOrchestrator.execute(EngineExecutionOrchestrator.java:87) ~[junit-platform-launcher-1.7.0-M1.jar:1.7.0-M1]
	at org.junit.platform.launcher.core.EngineExecutionOrchestrator.lambda$execute$0(EngineExecutionOrchestrator.java:53) ~[junit-platform-launcher-1.7.0-M1.jar:1.7.0-M1]
	at org.junit.platform.launcher.core.EngineExecutionOrchestrator.withInterceptedStreams(EngineExecutionOrchestrator.java:66) ~[junit-platform-launcher-1.7.0-M1.jar:1.7.0-M1]
	at org.junit.platform.launcher.core.EngineExecutionOrchestrator.execute(EngineExecutionOrchestrator.java:51) ~[junit-platform-launcher-1.7.0-M1.jar:1.7.0-M1]
	at org.junit.platform.launcher.core.DefaultLauncher.execute(DefaultLauncher.java:87) ~[junit-platform-launcher-1.7.0-M1.jar:1.7.0-M1]
	at org.junit.platform.launcher.core.DefaultLauncher.execute(DefaultLauncher.java:66) ~[junit-platform-launcher-1.7.0-M1.jar:1.7.0-M1]
	at com.intellij.junit5.JUnit5IdeaTestRunner.startRunnerWithArgs(JUnit5IdeaTestRunner.java:69) ~[junit5-rt.jar:na]
	at com.intellij.rt.execution.junit.IdeaTestRunner$Repeater.startRunnerWithArgs(IdeaTestRunner.java:47) ~[junit-rt.jar:na]
	at com.intellij.rt.execution.junit.JUnitStarter.prepareStreamsAndStart(JUnitStarter.java:242) ~[junit-rt.jar:na]
	at com.intellij.rt.execution.junit.JUnitStarter.main(JUnitStarter.java:70) ~[junit-rt.jar:na]
2154541 [main] WARN  o.a.kafka.clients.NetworkClient - [Consumer clientId=consumer-test-4071, groupId=test] Error connecting to node kafka-n1-tst:9092 (id: 0 rack: null)
java.net.SocketException: No buffer space available (maximum connections reached?): connect
	at java.base/sun.nio.ch.Net.connect0(Native Method) ~[na:na]
	at java.base/sun.nio.ch.Net.connect(Net.java:476) ~[na:na]
	at java.base/sun.nio.ch.Net.connect(Net.java:468) ~[na:na]
	at java.base/sun.nio.ch.SocketChannelImpl.connect(SocketChannelImpl.java:694) ~[na:na]
	at org.apache.kafka.common.network.Selector.doConnect(Selector.java:277) ~[kafka-clients-2.5.0.jar:na]
	at org.apache.kafka.common.network.Selector.connect(Selector.java:255) ~[kafka-clients-2.5.0.jar:na]
	at org.apache.kafka.clients.NetworkClient.initiateConnect(NetworkClient.java:957) ~[kafka-clients-2.5.0.jar:na]
	at org.apache.kafka.clients.NetworkClient.access$600(NetworkClient.java:73) ~[kafka-clients-2.5.0.jar:na]
	at org.apache.kafka.clients.NetworkClient$DefaultMetadataUpdater.maybeUpdate(NetworkClient.java:1128) ~[kafka-clients-2.5.0.jar:na]
	at org.apache.kafka.clients.NetworkClient$DefaultMetadataUpdater.maybeUpdate(NetworkClient.java:1016) ~[kafka-clients-2.5.0.jar:na]
	at org.apache.kafka.clients.NetworkClient.poll(NetworkClient.java:547) ~[kafka-clients-2.5.0.jar:na]
	at org.apache.kafka.clients.consumer.internals.ConsumerNetworkClient.poll(ConsumerNetworkClient.java:262) ~[kafka-clients-2.5.0.jar:na]
	at org.apache.kafka.clients.consumer.internals.ConsumerNetworkClient.poll(ConsumerNetworkClient.java:233) ~[kafka-clients-2.5.0.jar:na]
	at org.apache.kafka.clients.consumer.internals.ConsumerNetworkClient.poll(ConsumerNetworkClient.java:224) ~[kafka-clients-2.5.0.jar:na]
	at org.apache.kafka.clients.consumer.internals.ConsumerNetworkClient.awaitMetadataUpdate(ConsumerNetworkClient.java:161) ~[kafka-clients-2.5.0.jar:na]
	at org.apache.kafka.clients.consumer.internals.AbstractCoordinator.ensureCoordinatorReady(AbstractCoordinator.java:246) ~[kafka-clients-2.5.0.jar:na]
	at org.apache.kafka.clients.consumer.internals.ConsumerCoordinator.fetchCommittedOffsets(ConsumerCoordinator.java:820) ~[kafka-clients-2.5.0.jar:na]
	at org.apache.kafka.clients.consumer.internals.ConsumerCoordinator.refreshCommittedOffsetsIfNeeded(ConsumerCoordinator.java:772) ~[kafka-clients-2.5.0.jar:na]
	at org.apache.kafka.clients.consumer.KafkaConsumer.updateFetchPositions(KafkaConsumer.java:2387) ~[kafka-clients-2.5.0.jar:na]
	at org.apache.kafka.clients.consumer.KafkaConsumer.updateAssignmentMetadataIfNeeded(KafkaConsumer.java:1279) ~[kafka-clients-2.5.0.jar:na]
	at org.apache.kafka.clients.consumer.KafkaConsumer.poll(KafkaConsumer.java:1243) ~[kafka-clients-2.5.0.jar:na]
	at org.apache.kafka.clients.consumer.KafkaConsumer.poll(KafkaConsumer.java:1173) ~[kafka-clients-2.5.0.jar:na]
	at FTtransport.KafkaTest.consumeTypeMethod(KafkaTest.java:324) ~[test-classes/:na]
	at FTtransport.TestFT.getFromStorage(TestFT.java:285) ~[test-classes/:na]
	at FTtransport.UnitTests.ft_getFromStorage_4withStringSource_COMPLETED(UnitTests.java:154) ~[test-classes/:na]
	at java.base/jdk.internal.reflect.NativeMethodAccessorImpl.invoke0(Native Method) ~[na:na]
	at java.base/jdk.internal.reflect.NativeMethodAccessorImpl.invoke(NativeMethodAccessorImpl.java:62) ~[na:na]
	at java.base/jdk.internal.reflect.DelegatingMethodAccessorImpl.invoke(DelegatingMethodAccessorImpl.java:43) ~[na:na]
	at java.base/java.lang.reflect.Method.invoke(Method.java:567) ~[na:na]
	at org.junit.platform.commons.util.ReflectionUtils.invokeMethod(ReflectionUtils.java:688) ~[junit-platform-commons-1.7.0-M1.jar:1.7.0-M1]
	at org.junit.jupiter.engine.execution.MethodInvocation.proceed(MethodInvocation.java:60) ~[junit-jupiter-engine-5.7.0-M1.jar:5.7.0-M1]
	at org.junit.jupiter.engine.execution.InvocationInterceptorChain$ValidatingInvocation.proceed(InvocationInterceptorChain.java:131) ~[junit-jupiter-engine-5.7.0-M1.jar:5.7.0-M1]
	at org.junit.jupiter.engine.extension.TimeoutExtension.intercept(TimeoutExtension.java:149) ~[junit-jupiter-engine-5.7.0-M1.jar:5.7.0-M1]
	at org.junit.jupiter.engine.extension.TimeoutExtension.interceptTestableMethod(TimeoutExtension.java:140) ~[junit-jupiter-engine-5.7.0-M1.jar:5.7.0-M1]
	at org.junit.jupiter.engine.extension.TimeoutExtension.interceptTestMethod(TimeoutExtension.java:84) ~[junit-jupiter-engine-5.7.0-M1.jar:5.7.0-M1]
	at org.junit.jupiter.engine.execution.ExecutableInvoker$ReflectiveInterceptorCall.lambda$ofVoidMethod$0(ExecutableInvoker.java:115) ~[junit-jupiter-engine-5.7.0-M1.jar:5.7.0-M1]
	at org.junit.jupiter.engine.execution.ExecutableInvoker.lambda$invoke$0(ExecutableInvoker.java:105) ~[junit-jupiter-engine-5.7.0-M1.jar:5.7.0-M1]
	at org.junit.jupiter.engine.execution.InvocationInterceptorChain$InterceptedInvocation.proceed(InvocationInterceptorChain.java:106) ~[junit-jupiter-engine-5.7.0-M1.jar:5.7.0-M1]
	at org.junit.jupiter.engine.execution.InvocationInterceptorChain.proceed(InvocationInterceptorChain.java:64) ~[junit-jupiter-engine-5.7.0-M1.jar:5.7.0-M1]
	at org.junit.jupiter.engine.execution.InvocationInterceptorChain.chainAndInvoke(InvocationInterceptorChain.java:45) ~[junit-jupiter-engine-5.7.0-M1.jar:5.7.0-M1]
	at org.junit.jupiter.engine.execution.InvocationInterceptorChain.invoke(InvocationInterceptorChain.java:37) ~[junit-jupiter-engine-5.7.0-M1.jar:5.7.0-M1]
	at org.junit.jupiter.engine.execution.ExecutableInvoker.invoke(ExecutableInvoker.java:104) ~[junit-jupiter-engine-5.7.0-M1.jar:5.7.0-M1]
	at org.junit.jupiter.engine.execution.ExecutableInvoker.invoke(ExecutableInvoker.java:98) ~[junit-jupiter-engine-5.7.0-M1.jar:5.7.0-M1]
	at org.junit.jupiter.engine.descriptor.TestMethodTestDescriptor.lambda$invokeTestMethod$6(TestMethodTestDescriptor.java:212) ~[junit-jupiter-engine-5.7.0-M1.jar:5.7.0-M1]
	at org.junit.platform.engine.support.hierarchical.ThrowableCollector.execute(ThrowableCollector.java:73) ~[junit-platform-engine-1.7.0-M1.jar:1.7.0-M1]
	at org.junit.jupiter.engine.descriptor.TestMethodTestDescriptor.invokeTestMethod(TestMethodTestDescriptor.java:208) ~[junit-jupiter-engine-5.7.0-M1.jar:5.7.0-M1]
	at org.junit.jupiter.engine.descriptor.TestMethodTestDescriptor.execute(TestMethodTestDescriptor.java:137) ~[junit-jupiter-engine-5.7.0-M1.jar:5.7.0-M1]
	at org.junit.jupiter.engine.descriptor.TestMethodTestDescriptor.execute(TestMethodTestDescriptor.java:71) ~[junit-jupiter-engine-5.7.0-M1.jar:5.7.0-M1]
	at org.junit.platform.engine.support.hierarchical.NodeTestTask.lambda$executeRecursively$5(NodeTestTask.java:139) ~[junit-platform-engine-1.7.0-M1.jar:1.7.0-M1]
	at org.junit.platform.engine.support.hierarchical.ThrowableCollector.execute(ThrowableCollector.java:73) ~[junit-platform-engine-1.7.0-M1.jar:1.7.0-M1]
	at org.junit.platform.engine.support.hierarchical.NodeTestTask.lambda$executeRecursively$7(NodeTestTask.java:129) ~[junit-platform-engine-1.7.0-M1.jar:1.7.0-M1]
	at org.junit.platform.engine.support.hierarchical.Node.around(Node.java:137) ~[junit-platform-engine-1.7.0-M1.jar:1.7.0-M1]
	at org.junit.platform.engine.support.hierarchical.NodeTestTask.lambda$executeRecursively$8(NodeTestTask.java:127) ~[junit-platform-engine-1.7.0-M1.jar:1.7.0-M1]
	at org.junit.platform.engine.support.hierarchical.ThrowableCollector.execute(ThrowableCollector.java:73) ~[junit-platform-engine-1.7.0-M1.jar:1.7.0-M1]
	at org.junit.platform.engine.support.hierarchical.NodeTestTask.executeRecursively(NodeTestTask.java:126) ~[junit-platform-engine-1.7.0-M1.jar:1.7.0-M1]
	at org.junit.platform.engine.support.hierarchical.NodeTestTask.execute(NodeTestTask.java:84) ~[junit-platform-engine-1.7.0-M1.jar:1.7.0-M1]
	at java.base/java.util.ArrayList.forEach(ArrayList.java:1540) ~[na:na]
	at org.junit.platform.engine.support.hierarchical.SameThreadHierarchicalTestExecutorService.invokeAll(SameThreadHierarchicalTestExecutorService.java:38) ~[junit-platform-engine-1.7.0-M1.jar:1.7.0-M1]
	at org.junit.platform.engine.support.hierarchical.NodeTestTask.lambda$executeRecursively$5(NodeTestTask.java:143) ~[junit-platform-engine-1.7.0-M1.jar:1.7.0-M1]
	at org.junit.platform.engine.support.hierarchical.ThrowableCollector.execute(ThrowableCollector.java:73) ~[junit-platform-engine-1.7.0-M1.jar:1.7.0-M1]
	at org.junit.platform.engine.support.hierarchical.NodeTestTask.lambda$executeRecursively$7(NodeTestTask.java:129) ~[junit-platform-engine-1.7.0-M1.jar:1.7.0-M1]
	at org.junit.platform.engine.support.hierarchical.Node.around(Node.java:137) ~[junit-platform-engine-1.7.0-M1.jar:1.7.0-M1]
	at org.junit.platform.engine.support.hierarchical.NodeTestTask.lambda$executeRecursively$8(NodeTestTask.java:127) ~[junit-platform-engine-1.7.0-M1.jar:1.7.0-M1]
	at org.junit.platform.engine.support.hierarchical.ThrowableCollector.execute(ThrowableCollector.java:73) ~[junit-platform-engine-1.7.0-M1.jar:1.7.0-M1]
	at org.junit.platform.engine.support.hierarchical.NodeTestTask.executeRecursively(NodeTestTask.java:126) ~[junit-platform-engine-1.7.0-M1.jar:1.7.0-M1]
	at org.junit.platform.engine.support.hierarchical.NodeTestTask.execute(NodeTestTask.java:84) ~[junit-platform-engine-1.7.0-M1.jar:1.7.0-M1]
	at java.base/java.util.ArrayList.forEach(ArrayList.java:1540) ~[na:na]
	at org.junit.platform.engine.support.hierarchical.SameThreadHierarchicalTestExecutorService.invokeAll(SameThreadHierarchicalTestExecutorService.java:38) ~[junit-platform-engine-1.7.0-M1.jar:1.7.0-M1]
	at org.junit.platform.engine.support.hierarchical.NodeTestTask.lambda$executeRecursively$5(NodeTestTask.java:143) ~[junit-platform-engine-1.7.0-M1.jar:1.7.0-M1]
	at org.junit.platform.engine.support.hierarchical.ThrowableCollector.execute(ThrowableCollector.java:73) ~[junit-platform-engine-1.7.0-M1.jar:1.7.0-M1]
	at org.junit.platform.engine.support.hierarchical.NodeTestTask.lambda$executeRecursively$7(NodeTestTask.java:129) ~[junit-platform-engine-1.7.0-M1.jar:1.7.0-M1]
	at org.junit.platform.engine.support.hierarchical.Node.around(Node.java:137) ~[junit-platform-engine-1.7.0-M1.jar:1.7.0-M1]
	at org.junit.platform.engine.support.hierarchical.NodeTestTask.lambda$executeRecursively$8(NodeTestTask.java:127) ~[junit-platform-engine-1.7.0-M1.jar:1.7.0-M1]
	at org.junit.platform.engine.support.hierarchical.ThrowableCollector.execute(ThrowableCollector.java:73) ~[junit-platform-engine-1.7.0-M1.jar:1.7.0-M1]
	at org.junit.platform.engine.support.hierarchical.NodeTestTask.executeRecursively(NodeTestTask.java:126) ~[junit-platform-engine-1.7.0-M1.jar:1.7.0-M1]
	at org.junit.platform.engine.support.hierarchical.NodeTestTask.execute(NodeTestTask.java:84) ~[junit-platform-engine-1.7.0-M1.jar:1.7.0-M1]
	at org.junit.platform.engine.support.hierarchical.SameThreadHierarchicalTestExecutorService.submit(SameThreadHierarchicalTestExecutorService.java:32) ~[junit-platform-engine-1.7.0-M1.jar:1.7.0-M1]
	at org.junit.platform.engine.support.hierarchical.HierarchicalTestExecutor.execute(HierarchicalTestExecutor.java:57) ~[junit-platform-engine-1.7.0-M1.jar:1.7.0-M1]
	at org.junit.platform.engine.support.hierarchical.HierarchicalTestEngine.execute(HierarchicalTestEngine.java:51) ~[junit-platform-engine-1.7.0-M1.jar:1.7.0-M1]
	at org.junit.platform.launcher.core.EngineExecutionOrchestrator.execute(EngineExecutionOrchestrator.java:107) ~[junit-platform-launcher-1.7.0-M1.jar:1.7.0-M1]
	at org.junit.platform.launcher.core.EngineExecutionOrchestrator.execute(EngineExecutionOrchestrator.java:87) ~[junit-platform-launcher-1.7.0-M1.jar:1.7.0-M1]
	at org.junit.platform.launcher.core.EngineExecutionOrchestrator.lambda$execute$0(EngineExecutionOrchestrator.java:53) ~[junit-platform-launcher-1.7.0-M1.jar:1.7.0-M1]
	at org.junit.platform.launcher.core.EngineExecutionOrchestrator.withInterceptedStreams(EngineExecutionOrchestrator.java:66) ~[junit-platform-launcher-1.7.0-M1.jar:1.7.0-M1]
	at org.junit.platform.launcher.core.EngineExecutionOrchestrator.execute(EngineExecutionOrchestrator.java:51) ~[junit-platform-launcher-1.7.0-M1.jar:1.7.0-M1]
	at org.junit.platform.launcher.core.DefaultLauncher.execute(DefaultLauncher.java:87) ~[junit-platform-launcher-1.7.0-M1.jar:1.7.0-M1]
	at org.junit.platform.launcher.core.DefaultLauncher.execute(DefaultLauncher.java:66) ~[junit-platform-launcher-1.7.0-M1.jar:1.7.0-M1]
	at com.intellij.junit5.JUnit5IdeaTestRunner.startRunnerWithArgs(JUnit5IdeaTestRunner.java:69) ~[junit5-rt.jar:na]
	at com.intellij.rt.execution.junit.IdeaTestRunner$Repeater.startRunnerWithArgs(IdeaTestRunner.java:47) ~[junit-rt.jar:na]
	at com.intellij.rt.execution.junit.JUnitStarter.prepareStreamsAndStart(JUnitStarter.java:242) ~[junit-rt.jar:na]
	at com.intellij.rt.execution.junit.JUnitStarter.main(JUnitStarter.java:70) ~[junit-rt.jar:na]
2154689 [main] WARN  o.a.kafka.clients.NetworkClient - [Consumer clientId=consumer-test-4071, groupId=test] Error connecting to node kafka-n1-tst:9092 (id: 0 rack: null)
java.net.SocketException: No buffer space available (maximum connections reached?): connect
	at java.base/sun.nio.ch.Net.connect0(Native Method) ~[na:na]
	at java.base/sun.nio.ch.Net.connect(Net.java:476) ~[na:na]
	at java.base/sun.nio.ch.Net.connect(Net.java:468) ~[na:na]
	at java.base/sun.nio.ch.SocketChannelImpl.connect(SocketChannelImpl.java:694) ~[na:na]
	at org.apache.kafka.common.network.Selector.doConnect(Selector.java:277) ~[kafka-clients-2.5.0.jar:na]
	at org.apache.kafka.common.network.Selector.connect(Selector.java:255) ~[kafka-clients-2.5.0.jar:na]
	at org.apache.kafka.clients.NetworkClient.initiateConnect(NetworkClient.java:957) ~[kafka-clients-2.5.0.jar:na]
	at org.apache.kafka.clients.NetworkClient.access$600(NetworkClient.java:73) ~[kafka-clients-2.5.0.jar:na]
	at org.apache.kafka.clients.NetworkClient$DefaultMetadataUpdater.maybeUpdate(NetworkClient.java:1128) ~[kafka-clients-2.5.0.jar:na]
	at org.apache.kafka.clients.NetworkClient$DefaultMetadataUpdater.maybeUpdate(NetworkClient.java:1016) ~[kafka-clients-2.5.0.jar:na]
	at org.apache.kafka.clients.NetworkClient.poll(NetworkClient.java:547) ~[kafka-clients-2.5.0.jar:na]
	at org.apache.kafka.clients.consumer.internals.ConsumerNetworkClient.poll(ConsumerNetworkClient.java:262) ~[kafka-clients-2.5.0.jar:na]
	at org.apache.kafka.clients.consumer.internals.ConsumerNetworkClient.poll(ConsumerNetworkClient.java:233) ~[kafka-clients-2.5.0.jar:na]
	at org.apache.kafka.clients.consumer.internals.ConsumerNetworkClient.poll(ConsumerNetworkClient.java:224) ~[kafka-clients-2.5.0.jar:na]
	at org.apache.kafka.clients.consumer.internals.ConsumerNetworkClient.awaitMetadataUpdate(ConsumerNetworkClient.java:161) ~[kafka-clients-2.5.0.jar:na]
	at org.apache.kafka.clients.consumer.internals.AbstractCoordinator.ensureCoordinatorReady(AbstractCoordinator.java:246) ~[kafka-clients-2.5.0.jar:na]
	at org.apache.kafka.clients.consumer.internals.ConsumerCoordinator.fetchCommittedOffsets(ConsumerCoordinator.java:820) ~[kafka-clients-2.5.0.jar:na]
	at org.apache.kafka.clients.consumer.internals.ConsumerCoordinator.refreshCommittedOffsetsIfNeeded(ConsumerCoordinator.java:772) ~[kafka-clients-2.5.0.jar:na]
	at org.apache.kafka.clients.consumer.KafkaConsumer.updateFetchPositions(KafkaConsumer.java:2387) ~[kafka-clients-2.5.0.jar:na]
	at org.apache.kafka.clients.consumer.KafkaConsumer.updateAssignmentMetadataIfNeeded(KafkaConsumer.java:1279) ~[kafka-clients-2.5.0.jar:na]
	at org.apache.kafka.clients.consumer.KafkaConsumer.poll(KafkaConsumer.java:1243) ~[kafka-clients-2.5.0.jar:na]
	at org.apache.kafka.clients.consumer.KafkaConsumer.poll(KafkaConsumer.java:1173) ~[kafka-clients-2.5.0.jar:na]
	at FTtransport.KafkaTest.consumeTypeMethod(KafkaTest.java:324) ~[test-classes/:na]
	at FTtransport.TestFT.getFromStorage(TestFT.java:285) ~[test-classes/:na]
	at FTtransport.UnitTests.ft_getFromStorage_4withStringSource_COMPLETED(UnitTests.java:154) ~[test-classes/:na]
	at java.base/jdk.internal.reflect.NativeMethodAccessorImpl.invoke0(Native Method) ~[na:na]
	at java.base/jdk.internal.reflect.NativeMethodAccessorImpl.invoke(NativeMethodAccessorImpl.java:62) ~[na:na]
	at java.base/jdk.internal.reflect.DelegatingMethodAccessorImpl.invoke(DelegatingMethodAccessorImpl.java:43) ~[na:na]
	at java.base/java.lang.reflect.Method.invoke(Method.java:567) ~[na:na]
	at org.junit.platform.commons.util.ReflectionUtils.invokeMethod(ReflectionUtils.java:688) ~[junit-platform-commons-1.7.0-M1.jar:1.7.0-M1]
	at org.junit.jupiter.engine.execution.MethodInvocation.proceed(MethodInvocation.java:60) ~[junit-jupiter-engine-5.7.0-M1.jar:5.7.0-M1]
	at org.junit.jupiter.engine.execution.InvocationInterceptorChain$ValidatingInvocation.proceed(InvocationInterceptorChain.java:131) ~[junit-jupiter-engine-5.7.0-M1.jar:5.7.0-M1]
	at org.junit.jupiter.engine.extension.TimeoutExtension.intercept(TimeoutExtension.java:149) ~[junit-jupiter-engine-5.7.0-M1.jar:5.7.0-M1]
	at org.junit.jupiter.engine.extension.TimeoutExtension.interceptTestableMethod(TimeoutExtension.java:140) ~[junit-jupiter-engine-5.7.0-M1.jar:5.7.0-M1]
	at org.junit.jupiter.engine.extension.TimeoutExtension.interceptTestMethod(TimeoutExtension.java:84) ~[junit-jupiter-engine-5.7.0-M1.jar:5.7.0-M1]
	at org.junit.jupiter.engine.execution.ExecutableInvoker$ReflectiveInterceptorCall.lambda$ofVoidMethod$0(ExecutableInvoker.java:115) ~[junit-jupiter-engine-5.7.0-M1.jar:5.7.0-M1]
	at org.junit.jupiter.engine.execution.ExecutableInvoker.lambda$invoke$0(ExecutableInvoker.java:105) ~[junit-jupiter-engine-5.7.0-M1.jar:5.7.0-M1]
	at org.junit.jupiter.engine.execution.InvocationInterceptorChain$InterceptedInvocation.proceed(InvocationInterceptorChain.java:106) ~[junit-jupiter-engine-5.7.0-M1.jar:5.7.0-M1]
	at org.junit.jupiter.engine.execution.InvocationInterceptorChain.proceed(InvocationInterceptorChain.java:64) ~[junit-jupiter-engine-5.7.0-M1.jar:5.7.0-M1]
	at org.junit.jupiter.engine.execution.InvocationInterceptorChain.chainAndInvoke(InvocationInterceptorChain.java:45) ~[junit-jupiter-engine-5.7.0-M1.jar:5.7.0-M1]
	at org.junit.jupiter.engine.execution.InvocationInterceptorChain.invoke(InvocationInterceptorChain.java:37) ~[junit-jupiter-engine-5.7.0-M1.jar:5.7.0-M1]
	at org.junit.jupiter.engine.execution.ExecutableInvoker.invoke(ExecutableInvoker.java:104) ~[junit-jupiter-engine-5.7.0-M1.jar:5.7.0-M1]
	at org.junit.jupiter.engine.execution.ExecutableInvoker.invoke(ExecutableInvoker.java:98) ~[junit-jupiter-engine-5.7.0-M1.jar:5.7.0-M1]
	at org.junit.jupiter.engine.descriptor.TestMethodTestDescriptor.lambda$invokeTestMethod$6(TestMethodTestDescriptor.java:212) ~[junit-jupiter-engine-5.7.0-M1.jar:5.7.0-M1]
	at org.junit.platform.engine.support.hierarchical.ThrowableCollector.execute(ThrowableCollector.java:73) ~[junit-platform-engine-1.7.0-M1.jar:1.7.0-M1]
	at org.junit.jupiter.engine.descriptor.TestMethodTestDescriptor.invokeTestMethod(TestMethodTestDescriptor.java:208) ~[junit-jupiter-engine-5.7.0-M1.jar:5.7.0-M1]
	at org.junit.jupiter.engine.descriptor.TestMethodTestDescriptor.execute(TestMethodTestDescriptor.java:137) ~[junit-jupiter-engine-5.7.0-M1.jar:5.7.0-M1]
	at org.junit.jupiter.engine.descriptor.TestMethodTestDescriptor.execute(TestMethodTestDescriptor.java:71) ~[junit-jupiter-engine-5.7.0-M1.jar:5.7.0-M1]
	at org.junit.platform.engine.support.hierarchical.NodeTestTask.lambda$executeRecursively$5(NodeTestTask.java:139) ~[junit-platform-engine-1.7.0-M1.jar:1.7.0-M1]
	at org.junit.platform.engine.support.hierarchical.ThrowableCollector.execute(ThrowableCollector.java:73) ~[junit-platform-engine-1.7.0-M1.jar:1.7.0-M1]
	at org.junit.platform.engine.support.hierarchical.NodeTestTask.lambda$executeRecursively$7(NodeTestTask.java:129) ~[junit-platform-engine-1.7.0-M1.jar:1.7.0-M1]
	at org.junit.platform.engine.support.hierarchical.Node.around(Node.java:137) ~[junit-platform-engine-1.7.0-M1.jar:1.7.0-M1]
	at org.junit.platform.engine.support.hierarchical.NodeTestTask.lambda$executeRecursively$8(NodeTestTask.java:127) ~[junit-platform-engine-1.7.0-M1.jar:1.7.0-M1]
	at org.junit.platform.engine.support.hierarchical.ThrowableCollector.execute(ThrowableCollector.java:73) ~[junit-platform-engine-1.7.0-M1.jar:1.7.0-M1]
	at org.junit.platform.engine.support.hierarchical.NodeTestTask.executeRecursively(NodeTestTask.java:126) ~[junit-platform-engine-1.7.0-M1.jar:1.7.0-M1]
	at org.junit.platform.engine.support.hierarchical.NodeTestTask.execute(NodeTestTask.java:84) ~[junit-platform-engine-1.7.0-M1.jar:1.7.0-M1]
	at java.base/java.util.ArrayList.forEach(ArrayList.java:1540) ~[na:na]
	at org.junit.platform.engine.support.hierarchical.SameThreadHierarchicalTestExecutorService.invokeAll(SameThreadHierarchicalTestExecutorService.java:38) ~[junit-platform-engine-1.7.0-M1.jar:1.7.0-M1]
	at org.junit.platform.engine.support.hierarchical.NodeTestTask.lambda$executeRecursively$5(NodeTestTask.java:143) ~[junit-platform-engine-1.7.0-M1.jar:1.7.0-M1]
	at org.junit.platform.engine.support.hierarchical.ThrowableCollector.execute(ThrowableCollector.java:73) ~[junit-platform-engine-1.7.0-M1.jar:1.7.0-M1]
	at org.junit.platform.engine.support.hierarchical.NodeTestTask.lambda$executeRecursively$7(NodeTestTask.java:129) ~[junit-platform-engine-1.7.0-M1.jar:1.7.0-M1]
	at org.junit.platform.engine.support.hierarchical.Node.around(Node.java:137) ~[junit-platform-engine-1.7.0-M1.jar:1.7.0-M1]
	at org.junit.platform.engine.support.hierarchical.NodeTestTask.lambda$executeRecursively$8(NodeTestTask.java:127) ~[junit-platform-engine-1.7.0-M1.jar:1.7.0-M1]
	at org.junit.platform.engine.support.hierarchical.ThrowableCollector.execute(ThrowableCollector.java:73) ~[junit-platform-engine-1.7.0-M1.jar:1.7.0-M1]
	at org.junit.platform.engine.support.hierarchical.NodeTestTask.executeRecursively(NodeTestTask.java:126) ~[junit-platform-engine-1.7.0-M1.jar:1.7.0-M1]
	at org.junit.platform.engine.support.hierarchical.NodeTestTask.execute(NodeTestTask.java:84) ~[junit-platform-engine-1.7.0-M1.jar:1.7.0-M1]
	at java.base/java.util.ArrayList.forEach(ArrayList.java:1540) ~[na:na]
	at org.junit.platform.engine.support.hierarchical.SameThreadHierarchicalTestExecutorService.invokeAll(SameThreadHierarchicalTestExecutorService.java:38) ~[junit-platform-engine-1.7.0-M1.jar:1.7.0-M1]
	at org.junit.platform.engine.support.hierarchical.NodeTestTask.lambda$executeRecursively$5(NodeTestTask.java:143) ~[junit-platform-engine-1.7.0-M1.jar:1.7.0-M1]
	at org.junit.platform.engine.support.hierarchical.ThrowableCollector.execute(ThrowableCollector.java:73) ~[junit-platform-engine-1.7.0-M1.jar:1.7.0-M1]
	at org.junit.platform.engine.support.hierarchical.NodeTestTask.lambda$executeRecursively$7(NodeTestTask.java:129) ~[junit-platform-engine-1.7.0-M1.jar:1.7.0-M1]
	at org.junit.platform.engine.support.hierarchical.Node.around(Node.java:137) ~[junit-platform-engine-1.7.0-M1.jar:1.7.0-M1]
	at org.junit.platform.engine.support.hierarchical.NodeTestTask.lambda$executeRecursively$8(NodeTestTask.java:127) ~[junit-platform-engine-1.7.0-M1.jar:1.7.0-M1]
	at org.junit.platform.engine.support.hierarchical.ThrowableCollector.execute(ThrowableCollector.java:73) ~[junit-platform-engine-1.7.0-M1.jar:1.7.0-M1]
	at org.junit.platform.engine.support.hierarchical.NodeTestTask.executeRecursively(NodeTestTask.java:126) ~[junit-platform-engine-1.7.0-M1.jar:1.7.0-M1]
	at org.junit.platform.engine.support.hierarchical.NodeTestTask.execute(NodeTestTask.java:84) ~[junit-platform-engine-1.7.0-M1.jar:1.7.0-M1]
	at org.junit.platform.engine.support.hierarchical.SameThreadHierarchicalTestExecutorService.submit(SameThreadHierarchicalTestExecutorService.java:32) ~[junit-platform-engine-1.7.0-M1.jar:1.7.0-M1]
	at org.junit.platform.engine.support.hierarchical.HierarchicalTestExecutor.execute(HierarchicalTestExecutor.java:57) ~[junit-platform-engine-1.7.0-M1.jar:1.7.0-M1]
	at org.junit.platform.engine.support.hierarchical.HierarchicalTestEngine.execute(HierarchicalTestEngine.java:51) ~[junit-platform-engine-1.7.0-M1.jar:1.7.0-M1]
	at org.junit.platform.launcher.core.EngineExecutionOrchestrator.execute(EngineExecutionOrchestrator.java:107) ~[junit-platform-launcher-1.7.0-M1.jar:1.7.0-M1]
	at org.junit.platform.launcher.core.EngineExecutionOrchestrator.execute(EngineExecutionOrchestrator.java:87) ~[junit-platform-launcher-1.7.0-M1.jar:1.7.0-M1]
	at org.junit.platform.launcher.core.EngineExecutionOrchestrator.lambda$execute$0(EngineExecutionOrchestrator.java:53) ~[junit-platform-launcher-1.7.0-M1.jar:1.7.0-M1]
	at org.junit.platform.launcher.core.EngineExecutionOrchestrator.withInterceptedStreams(EngineExecutionOrchestrator.java:66) ~[junit-platform-launcher-1.7.0-M1.jar:1.7.0-M1]
	at org.junit.platform.launcher.core.EngineExecutionOrchestrator.execute(EngineExecutionOrchestrator.java:51) ~[junit-platform-launcher-1.7.0-M1.jar:1.7.0-M1]
	at org.junit.platform.launcher.core.DefaultLauncher.execute(DefaultLauncher.java:87) ~[junit-platform-launcher-1.7.0-M1.jar:1.7.0-M1]
	at org.junit.platform.launcher.core.DefaultLauncher.execute(DefaultLauncher.java:66) ~[junit-platform-launcher-1.7.0-M1.jar:1.7.0-M1]
	at com.intellij.junit5.JUnit5IdeaTestRunner.startRunnerWithArgs(JUnit5IdeaTestRunner.java:69) ~[junit5-rt.jar:na]
	at com.intellij.rt.execution.junit.IdeaTestRunner$Repeater.startRunnerWithArgs(IdeaTestRunner.java:47) ~[junit-rt.jar:na]
	at com.intellij.rt.execution.junit.JUnitStarter.prepareStreamsAndStart(JUnitStarter.java:242) ~[junit-rt.jar:na]
	at com.intellij.rt.execution.junit.JUnitStarter.main(JUnitStarter.java:70) ~[junit-rt.jar:na]
2154892 [main] WARN  o.a.kafka.clients.NetworkClient - [Consumer clientId=consumer-test-4071, groupId=test] Error connecting to node kafka-n1-tst:9092 (id: 0 rack: null)
java.net.SocketException: No buffer space available (maximum connections reached?): connect
	at java.base/sun.nio.ch.Net.connect0(Native Method) ~[na:na]
	at java.base/sun.nio.ch.Net.connect(Net.java:476) ~[na:na]
	at java.base/sun.nio.ch.Net.connect(Net.java:468) ~[na:na]
	at java.base/sun.nio.ch.SocketChannelImpl.connect(SocketChannelImpl.java:694) ~[na:na]
	at org.apache.kafka.common.network.Selector.doConnect(Selector.java:277) ~[kafka-clients-2.5.0.jar:na]
	at org.apache.kafka.common.network.Selector.connect(Selector.java:255) ~[kafka-clients-2.5.0.jar:na]
	at org.apache.kafka.clients.NetworkClient.initiateConnect(NetworkClient.java:957) ~[kafka-clients-2.5.0.jar:na]
	at org.apache.kafka.clients.NetworkClient.access$600(NetworkClient.java:73) ~[kafka-clients-2.5.0.jar:na]
	at org.apache.kafka.clients.NetworkClient$DefaultMetadataUpdater.maybeUpdate(NetworkClient.java:1128) ~[kafka-clients-2.5.0.jar:na]
	at org.apache.kafka.clients.NetworkClient$DefaultMetadataUpdater.maybeUpdate(NetworkClient.java:1016) ~[kafka-clients-2.5.0.jar:na]
	at org.apache.kafka.clients.NetworkClient.poll(NetworkClient.java:547) ~[kafka-clients-2.5.0.jar:na]
	at org.apache.kafka.clients.consumer.internals.ConsumerNetworkClient.poll(ConsumerNetworkClient.java:262) ~[kafka-clients-2.5.0.jar:na]
	at org.apache.kafka.clients.consumer.internals.ConsumerNetworkClient.poll(ConsumerNetworkClient.java:233) ~[kafka-clients-2.5.0.jar:na]
	at org.apache.kafka.clients.consumer.internals.ConsumerNetworkClient.poll(ConsumerNetworkClient.java:224) ~[kafka-clients-2.5.0.jar:na]
	at org.apache.kafka.clients.consumer.internals.ConsumerNetworkClient.awaitMetadataUpdate(ConsumerNetworkClient.java:161) ~[kafka-clients-2.5.0.jar:na]
	at org.apache.kafka.clients.consumer.internals.AbstractCoordinator.ensureCoordinatorReady(AbstractCoordinator.java:246) ~[kafka-clients-2.5.0.jar:na]
	at org.apache.kafka.clients.consumer.internals.ConsumerCoordinator.fetchCommittedOffsets(ConsumerCoordinator.java:820) ~[kafka-clients-2.5.0.jar:na]
	at org.apache.kafka.clients.consumer.internals.ConsumerCoordinator.refreshCommittedOffsetsIfNeeded(ConsumerCoordinator.java:772) ~[kafka-clients-2.5.0.jar:na]
	at org.apache.kafka.clients.consumer.KafkaConsumer.updateFetchPositions(KafkaConsumer.java:2387) ~[kafka-clients-2.5.0.jar:na]
	at org.apache.kafka.clients.consumer.KafkaConsumer.updateAssignmentMetadataIfNeeded(KafkaConsumer.java:1279) ~[kafka-clients-2.5.0.jar:na]
	at org.apache.kafka.clients.consumer.KafkaConsumer.poll(KafkaConsumer.java:1243) ~[kafka-clients-2.5.0.jar:na]
	at org.apache.kafka.clients.consumer.KafkaConsumer.poll(KafkaConsumer.java:1173) ~[kafka-clients-2.5.0.jar:na]
	at FTtransport.KafkaTest.consumeTypeMethod(KafkaTest.java:324) ~[test-classes/:na]
	at FTtransport.TestFT.getFromStorage(TestFT.java:285) ~[test-classes/:na]
	at FTtransport.UnitTests.ft_getFromStorage_4withStringSource_COMPLETED(UnitTests.java:154) ~[test-classes/:na]
	at java.base/jdk.internal.reflect.NativeMethodAccessorImpl.invoke0(Native Method) ~[na:na]
	at java.base/jdk.internal.reflect.NativeMethodAccessorImpl.invoke(NativeMethodAccessorImpl.java:62) ~[na:na]
	at java.base/jdk.internal.reflect.DelegatingMethodAccessorImpl.invoke(DelegatingMethodAccessorImpl.java:43) ~[na:na]
	at java.base/java.lang.reflect.Method.invoke(Method.java:567) ~[na:na]
	at org.junit.platform.commons.util.ReflectionUtils.invokeMethod(ReflectionUtils.java:688) ~[junit-platform-commons-1.7.0-M1.jar:1.7.0-M1]
	at org.junit.jupiter.engine.execution.MethodInvocation.proceed(MethodInvocation.java:60) ~[junit-jupiter-engine-5.7.0-M1.jar:5.7.0-M1]
	at org.junit.jupiter.engine.execution.InvocationInterceptorChain$ValidatingInvocation.proceed(InvocationInterceptorChain.java:131) ~[junit-jupiter-engine-5.7.0-M1.jar:5.7.0-M1]
	at org.junit.jupiter.engine.extension.TimeoutExtension.intercept(TimeoutExtension.java:149) ~[junit-jupiter-engine-5.7.0-M1.jar:5.7.0-M1]
	at org.junit.jupiter.engine.extension.TimeoutExtension.interceptTestableMethod(TimeoutExtension.java:140) ~[junit-jupiter-engine-5.7.0-M1.jar:5.7.0-M1]
	at org.junit.jupiter.engine.extension.TimeoutExtension.interceptTestMethod(TimeoutExtension.java:84) ~[junit-jupiter-engine-5.7.0-M1.jar:5.7.0-M1]
	at org.junit.jupiter.engine.execution.ExecutableInvoker$ReflectiveInterceptorCall.lambda$ofVoidMethod$0(ExecutableInvoker.java:115) ~[junit-jupiter-engine-5.7.0-M1.jar:5.7.0-M1]
	at org.junit.jupiter.engine.execution.ExecutableInvoker.lambda$invoke$0(ExecutableInvoker.java:105) ~[junit-jupiter-engine-5.7.0-M1.jar:5.7.0-M1]
	at org.junit.jupiter.engine.execution.InvocationInterceptorChain$InterceptedInvocation.proceed(InvocationInterceptorChain.java:106) ~[junit-jupiter-engine-5.7.0-M1.jar:5.7.0-M1]
	at org.junit.jupiter.engine.execution.InvocationInterceptorChain.proceed(InvocationInterceptorChain.java:64) ~[junit-jupiter-engine-5.7.0-M1.jar:5.7.0-M1]
	at org.junit.jupiter.engine.execution.InvocationInterceptorChain.chainAndInvoke(InvocationInterceptorChain.java:45) ~[junit-jupiter-engine-5.7.0-M1.jar:5.7.0-M1]
	at org.junit.jupiter.engine.execution.InvocationInterceptorChain.invoke(InvocationInterceptorChain.java:37) ~[junit-jupiter-engine-5.7.0-M1.jar:5.7.0-M1]
	at org.junit.jupiter.engine.execution.ExecutableInvoker.invoke(ExecutableInvoker.java:104) ~[junit-jupiter-engine-5.7.0-M1.jar:5.7.0-M1]
	at org.junit.jupiter.engine.execution.ExecutableInvoker.invoke(ExecutableInvoker.java:98) ~[junit-jupiter-engine-5.7.0-M1.jar:5.7.0-M1]
	at org.junit.jupiter.engine.descriptor.TestMethodTestDescriptor.lambda$invokeTestMethod$6(TestMethodTestDescriptor.java:212) ~[junit-jupiter-engine-5.7.0-M1.jar:5.7.0-M1]
	at org.junit.platform.engine.support.hierarchical.ThrowableCollector.execute(ThrowableCollector.java:73) ~[junit-platform-engine-1.7.0-M1.jar:1.7.0-M1]
	at org.junit.jupiter.engine.descriptor.TestMethodTestDescriptor.invokeTestMethod(TestMethodTestDescriptor.java:208) ~[junit-jupiter-engine-5.7.0-M1.jar:5.7.0-M1]
	at org.junit.jupiter.engine.descriptor.TestMethodTestDescriptor.execute(TestMethodTestDescriptor.java:137) ~[junit-jupiter-engine-5.7.0-M1.jar:5.7.0-M1]
	at org.junit.jupiter.engine.descriptor.TestMethodTestDescriptor.execute(TestMethodTestDescriptor.java:71) ~[junit-jupiter-engine-5.7.0-M1.jar:5.7.0-M1]
	at org.junit.platform.engine.support.hierarchical.NodeTestTask.lambda$executeRecursively$5(NodeTestTask.java:139) ~[junit-platform-engine-1.7.0-M1.jar:1.7.0-M1]
	at org.junit.platform.engine.support.hierarchical.ThrowableCollector.execute(ThrowableCollector.java:73) ~[junit-platform-engine-1.7.0-M1.jar:1.7.0-M1]
	at org.junit.platform.engine.support.hierarchical.NodeTestTask.lambda$executeRecursively$7(NodeTestTask.java:129) ~[junit-platform-engine-1.7.0-M1.jar:1.7.0-M1]
	at org.junit.platform.engine.support.hierarchical.Node.around(Node.java:137) ~[junit-platform-engine-1.7.0-M1.jar:1.7.0-M1]
	at org.junit.platform.engine.support.hierarchical.NodeTestTask.lambda$executeRecursively$8(NodeTestTask.java:127) ~[junit-platform-engine-1.7.0-M1.jar:1.7.0-M1]
	at org.junit.platform.engine.support.hierarchical.ThrowableCollector.execute(ThrowableCollector.java:73) ~[junit-platform-engine-1.7.0-M1.jar:1.7.0-M1]
	at org.junit.platform.engine.support.hierarchical.NodeTestTask.executeRecursively(NodeTestTask.java:126) ~[junit-platform-engine-1.7.0-M1.jar:1.7.0-M1]
	at org.junit.platform.engine.support.hierarchical.NodeTestTask.execute(NodeTestTask.java:84) ~[junit-platform-engine-1.7.0-M1.jar:1.7.0-M1]
	at java.base/java.util.ArrayList.forEach(ArrayList.java:1540) ~[na:na]
	at org.junit.platform.engine.support.hierarchical.SameThreadHierarchicalTestExecutorService.invokeAll(SameThreadHierarchicalTestExecutorService.java:38) ~[junit-platform-engine-1.7.0-M1.jar:1.7.0-M1]
	at org.junit.platform.engine.support.hierarchical.NodeTestTask.lambda$executeRecursively$5(NodeTestTask.java:143) ~[junit-platform-engine-1.7.0-M1.jar:1.7.0-M1]
	at org.junit.platform.engine.support.hierarchical.ThrowableCollector.execute(ThrowableCollector.java:73) ~[junit-platform-engine-1.7.0-M1.jar:1.7.0-M1]
	at org.junit.platform.engine.support.hierarchical.NodeTestTask.lambda$executeRecursively$7(NodeTestTask.java:129) ~[junit-platform-engine-1.7.0-M1.jar:1.7.0-M1]
	at org.junit.platform.engine.support.hierarchical.Node.around(Node.java:137) ~[junit-platform-engine-1.7.0-M1.jar:1.7.0-M1]
	at org.junit.platform.engine.support.hierarchical.NodeTestTask.lambda$executeRecursively$8(NodeTestTask.java:127) ~[junit-platform-engine-1.7.0-M1.jar:1.7.0-M1]
	at org.junit.platform.engine.support.hierarchical.ThrowableCollector.execute(ThrowableCollector.java:73) ~[junit-platform-engine-1.7.0-M1.jar:1.7.0-M1]
	at org.junit.platform.engine.support.hierarchical.NodeTestTask.executeRecursively(NodeTestTask.java:126) ~[junit-platform-engine-1.7.0-M1.jar:1.7.0-M1]
	at org.junit.platform.engine.support.hierarchical.NodeTestTask.execute(NodeTestTask.java:84) ~[junit-platform-engine-1.7.0-M1.jar:1.7.0-M1]
	at java.base/java.util.ArrayList.forEach(ArrayList.java:1540) ~[na:na]
	at org.junit.platform.engine.support.hierarchical.SameThreadHierarchicalTestExecutorService.invokeAll(SameThreadHierarchicalTestExecutorService.java:38) ~[junit-platform-engine-1.7.0-M1.jar:1.7.0-M1]
	at org.junit.platform.engine.support.hierarchical.NodeTestTask.lambda$executeRecursively$5(NodeTestTask.java:143) ~[junit-platform-engine-1.7.0-M1.jar:1.7.0-M1]
	at org.junit.platform.engine.support.hierarchical.ThrowableCollector.execute(ThrowableCollector.java:73) ~[junit-platform-engine-1.7.0-M1.jar:1.7.0-M1]
	at org.junit.platform.engine.support.hierarchical.NodeTestTask.lambda$executeRecursively$7(NodeTestTask.java:129) ~[junit-platform-engine-1.7.0-M1.jar:1.7.0-M1]
	at org.junit.platform.engine.support.hierarchical.Node.around(Node.java:137) ~[junit-platform-engine-1.7.0-M1.jar:1.7.0-M1]
	at org.junit.platform.engine.support.hierarchical.NodeTestTask.lambda$executeRecursively$8(NodeTestTask.java:127) ~[junit-platform-engine-1.7.0-M1.jar:1.7.0-M1]
	at org.junit.platform.engine.support.hierarchical.ThrowableCollector.execute(ThrowableCollector.java:73) ~[junit-platform-engine-1.7.0-M1.jar:1.7.0-M1]
	at org.junit.platform.engine.support.hierarchical.NodeTestTask.executeRecursively(NodeTestTask.java:126) ~[junit-platform-engine-1.7.0-M1.jar:1.7.0-M1]
	at org.junit.platform.engine.support.hierarchical.NodeTestTask.execute(NodeTestTask.java:84) ~[junit-platform-engine-1.7.0-M1.jar:1.7.0-M1]
	at org.junit.platform.engine.support.hierarchical.SameThreadHierarchicalTestExecutorService.submit(SameThreadHierarchicalTestExecutorService.java:32) ~[junit-platform-engine-1.7.0-M1.jar:1.7.0-M1]
	at org.junit.platform.engine.support.hierarchical.HierarchicalTestExecutor.execute(HierarchicalTestExecutor.java:57) ~[junit-platform-engine-1.7.0-M1.jar:1.7.0-M1]
	at org.junit.platform.engine.support.hierarchical.HierarchicalTestEngine.execute(HierarchicalTestEngine.java:51) ~[junit-platform-engine-1.7.0-M1.jar:1.7.0-M1]
	at org.junit.platform.launcher.core.EngineExecutionOrchestrator.execute(EngineExecutionOrchestrator.java:107) ~[junit-platform-launcher-1.7.0-M1.jar:1.7.0-M1]
	at org.junit.platform.launcher.core.EngineExecutionOrchestrator.execute(EngineExecutionOrchestrator.java:87) ~[junit-platform-launcher-1.7.0-M1.jar:1.7.0-M1]
	at org.junit.platform.launcher.core.EngineExecutionOrchestrator.lambda$execute$0(EngineExecutionOrchestrator.java:53) ~[junit-platform-launcher-1.7.0-M1.jar:1.7.0-M1]
	at org.junit.platform.launcher.core.EngineExecutionOrchestrator.withInterceptedStreams(EngineExecutionOrchestrator.java:66) ~[junit-platform-launcher-1.7.0-M1.jar:1.7.0-M1]
	at org.junit.platform.launcher.core.EngineExecutionOrchestrator.execute(EngineExecutionOrchestrator.java:51) ~[junit-platform-launcher-1.7.0-M1.jar:1.7.0-M1]
	at org.junit.platform.launcher.core.DefaultLauncher.execute(DefaultLauncher.java:87) ~[junit-platform-launcher-1.7.0-M1.jar:1.7.0-M1]
	at org.junit.platform.launcher.core.DefaultLauncher.execute(DefaultLauncher.java:66) ~[junit-platform-launcher-1.7.0-M1.jar:1.7.0-M1]
	at com.intellij.junit5.JUnit5IdeaTestRunner.startRunnerWithArgs(JUnit5IdeaTestRunner.java:69) ~[junit5-rt.jar:na]
	at com.intellij.rt.execution.junit.IdeaTestRunner$Repeater.startRunnerWithArgs(IdeaTestRunner.java:47) ~[junit-rt.jar:na]
	at com.intellij.rt.execution.junit.JUnitStarter.prepareStreamsAndStart(JUnitStarter.java:242) ~[junit-rt.jar:na]
	at com.intellij.rt.execution.junit.JUnitStarter.main(JUnitStarter.java:70) ~[junit-rt.jar:na]
2155243 [main] WARN  o.a.kafka.clients.NetworkClient - [Consumer clientId=consumer-test-4071, groupId=test] Error connecting to node kafka-n1-tst:9092 (id: 0 rack: null)
java.net.SocketException: No buffer space available (maximum connections reached?): connect
	at java.base/sun.nio.ch.Net.connect0(Native Method) ~[na:na]
	at java.base/sun.nio.ch.Net.connect(Net.java:476) ~[na:na]
	at java.base/sun.nio.ch.Net.connect(Net.java:468) ~[na:na]
	at java.base/sun.nio.ch.SocketChannelImpl.connect(SocketChannelImpl.java:694) ~[na:na]
	at org.apache.kafka.common.network.Selector.doConnect(Selector.java:277) ~[kafka-clients-2.5.0.jar:na]
	at org.apache.kafka.common.network.Selector.connect(Selector.java:255) ~[kafka-clients-2.5.0.jar:na]
	at org.apache.kafka.clients.NetworkClient.initiateConnect(NetworkClient.java:957) ~[kafka-clients-2.5.0.jar:na]
	at org.apache.kafka.clients.NetworkClient.access$600(NetworkClient.java:73) ~[kafka-clients-2.5.0.jar:na]
	at org.apache.kafka.clients.NetworkClient$DefaultMetadataUpdater.maybeUpdate(NetworkClient.java:1128) ~[kafka-clients-2.5.0.jar:na]
	at org.apache.kafka.clients.NetworkClient$DefaultMetadataUpdater.maybeUpdate(NetworkClient.java:1016) ~[kafka-clients-2.5.0.jar:na]
	at org.apache.kafka.clients.NetworkClient.poll(NetworkClient.java:547) ~[kafka-clients-2.5.0.jar:na]
	at org.apache.kafka.clients.consumer.internals.ConsumerNetworkClient.poll(ConsumerNetworkClient.java:262) ~[kafka-clients-2.5.0.jar:na]
	at org.apache.kafka.clients.consumer.internals.ConsumerNetworkClient.poll(ConsumerNetworkClient.java:233) ~[kafka-clients-2.5.0.jar:na]
	at org.apache.kafka.clients.consumer.internals.ConsumerNetworkClient.poll(ConsumerNetworkClient.java:224) ~[kafka-clients-2.5.0.jar:na]
	at org.apache.kafka.clients.consumer.internals.ConsumerNetworkClient.awaitMetadataUpdate(ConsumerNetworkClient.java:161) ~[kafka-clients-2.5.0.jar:na]
	at org.apache.kafka.clients.consumer.internals.AbstractCoordinator.ensureCoordinatorReady(AbstractCoordinator.java:246) ~[kafka-clients-2.5.0.jar:na]
	at org.apache.kafka.clients.consumer.internals.ConsumerCoordinator.fetchCommittedOffsets(ConsumerCoordinator.java:820) ~[kafka-clients-2.5.0.jar:na]
	at org.apache.kafka.clients.consumer.internals.ConsumerCoordinator.refreshCommittedOffsetsIfNeeded(ConsumerCoordinator.java:772) ~[kafka-clients-2.5.0.jar:na]
	at org.apache.kafka.clients.consumer.KafkaConsumer.updateFetchPositions(KafkaConsumer.java:2387) ~[kafka-clients-2.5.0.jar:na]
	at org.apache.kafka.clients.consumer.KafkaConsumer.updateAssignmentMetadataIfNeeded(KafkaConsumer.java:1279) ~[kafka-clients-2.5.0.jar:na]
	at org.apache.kafka.clients.consumer.KafkaConsumer.poll(KafkaConsumer.java:1243) ~[kafka-clients-2.5.0.jar:na]
	at org.apache.kafka.clients.consumer.KafkaConsumer.poll(KafkaConsumer.java:1173) ~[kafka-clients-2.5.0.jar:na]
	at FTtransport.KafkaTest.consumeTypeMethod(KafkaTest.java:324) ~[test-classes/:na]
	at FTtransport.TestFT.getFromStorage(TestFT.java:285) ~[test-classes/:na]
	at FTtransport.UnitTests.ft_getFromStorage_4withStringSource_COMPLETED(UnitTests.java:154) ~[test-classes/:na]
	at java.base/jdk.internal.reflect.NativeMethodAccessorImpl.invoke0(Native Method) ~[na:na]
	at java.base/jdk.internal.reflect.NativeMethodAccessorImpl.invoke(NativeMethodAccessorImpl.java:62) ~[na:na]
	at java.base/jdk.internal.reflect.DelegatingMethodAccessorImpl.invoke(DelegatingMethodAccessorImpl.java:43) ~[na:na]
	at java.base/java.lang.reflect.Method.invoke(Method.java:567) ~[na:na]
	at org.junit.platform.commons.util.ReflectionUtils.invokeMethod(ReflectionUtils.java:688) ~[junit-platform-commons-1.7.0-M1.jar:1.7.0-M1]
	at org.junit.jupiter.engine.execution.MethodInvocation.proceed(MethodInvocation.java:60) ~[junit-jupiter-engine-5.7.0-M1.jar:5.7.0-M1]
	at org.junit.jupiter.engine.execution.InvocationInterceptorChain$ValidatingInvocation.proceed(InvocationInterceptorChain.java:131) ~[junit-jupiter-engine-5.7.0-M1.jar:5.7.0-M1]
	at org.junit.jupiter.engine.extension.TimeoutExtension.intercept(TimeoutExtension.java:149) ~[junit-jupiter-engine-5.7.0-M1.jar:5.7.0-M1]
	at org.junit.jupiter.engine.extension.TimeoutExtension.interceptTestableMethod(TimeoutExtension.java:140) ~[junit-jupiter-engine-5.7.0-M1.jar:5.7.0-M1]
	at org.junit.jupiter.engine.extension.TimeoutExtension.interceptTestMethod(TimeoutExtension.java:84) ~[junit-jupiter-engine-5.7.0-M1.jar:5.7.0-M1]
	at org.junit.jupiter.engine.execution.ExecutableInvoker$ReflectiveInterceptorCall.lambda$ofVoidMethod$0(ExecutableInvoker.java:115) ~[junit-jupiter-engine-5.7.0-M1.jar:5.7.0-M1]
	at org.junit.jupiter.engine.execution.ExecutableInvoker.lambda$invoke$0(ExecutableInvoker.java:105) ~[junit-jupiter-engine-5.7.0-M1.jar:5.7.0-M1]
	at org.junit.jupiter.engine.execution.InvocationInterceptorChain$InterceptedInvocation.proceed(InvocationInterceptorChain.java:106) ~[junit-jupiter-engine-5.7.0-M1.jar:5.7.0-M1]
	at org.junit.jupiter.engine.execution.InvocationInterceptorChain.proceed(InvocationInterceptorChain.java:64) ~[junit-jupiter-engine-5.7.0-M1.jar:5.7.0-M1]
	at org.junit.jupiter.engine.execution.InvocationInterceptorChain.chainAndInvoke(InvocationInterceptorChain.java:45) ~[junit-jupiter-engine-5.7.0-M1.jar:5.7.0-M1]
	at org.junit.jupiter.engine.execution.InvocationInterceptorChain.invoke(InvocationInterceptorChain.java:37) ~[junit-jupiter-engine-5.7.0-M1.jar:5.7.0-M1]
	at org.junit.jupiter.engine.execution.ExecutableInvoker.invoke(ExecutableInvoker.java:104) ~[junit-jupiter-engine-5.7.0-M1.jar:5.7.0-M1]
	at org.junit.jupiter.engine.execution.ExecutableInvoker.invoke(ExecutableInvoker.java:98) ~[junit-jupiter-engine-5.7.0-M1.jar:5.7.0-M1]
	at org.junit.jupiter.engine.descriptor.TestMethodTestDescriptor.lambda$invokeTestMethod$6(TestMethodTestDescriptor.java:212) ~[junit-jupiter-engine-5.7.0-M1.jar:5.7.0-M1]
	at org.junit.platform.engine.support.hierarchical.ThrowableCollector.execute(ThrowableCollector.java:73) ~[junit-platform-engine-1.7.0-M1.jar:1.7.0-M1]
	at org.junit.jupiter.engine.descriptor.TestMethodTestDescriptor.invokeTestMethod(TestMethodTestDescriptor.java:208) ~[junit-jupiter-engine-5.7.0-M1.jar:5.7.0-M1]
	at org.junit.jupiter.engine.descriptor.TestMethodTestDescriptor.execute(TestMethodTestDescriptor.java:137) ~[junit-jupiter-engine-5.7.0-M1.jar:5.7.0-M1]
	at org.junit.jupiter.engine.descriptor.TestMethodTestDescriptor.execute(TestMethodTestDescriptor.java:71) ~[junit-jupiter-engine-5.7.0-M1.jar:5.7.0-M1]
	at org.junit.platform.engine.support.hierarchical.NodeTestTask.lambda$executeRecursively$5(NodeTestTask.java:139) ~[junit-platform-engine-1.7.0-M1.jar:1.7.0-M1]
	at org.junit.platform.engine.support.hierarchical.ThrowableCollector.execute(ThrowableCollector.java:73) ~[junit-platform-engine-1.7.0-M1.jar:1.7.0-M1]
	at org.junit.platform.engine.support.hierarchical.NodeTestTask.lambda$executeRecursively$7(NodeTestTask.java:129) ~[junit-platform-engine-1.7.0-M1.jar:1.7.0-M1]
	at org.junit.platform.engine.support.hierarchical.Node.around(Node.java:137) ~[junit-platform-engine-1.7.0-M1.jar:1.7.0-M1]
	at org.junit.platform.engine.support.hierarchical.NodeTestTask.lambda$executeRecursively$8(NodeTestTask.java:127) ~[junit-platform-engine-1.7.0-M1.jar:1.7.0-M1]
	at org.junit.platform.engine.support.hierarchical.ThrowableCollector.execute(ThrowableCollector.java:73) ~[junit-platform-engine-1.7.0-M1.jar:1.7.0-M1]
	at org.junit.platform.engine.support.hierarchical.NodeTestTask.executeRecursively(NodeTestTask.java:126) ~[junit-platform-engine-1.7.0-M1.jar:1.7.0-M1]
	at org.junit.platform.engine.support.hierarchical.NodeTestTask.execute(NodeTestTask.java:84) ~[junit-platform-engine-1.7.0-M1.jar:1.7.0-M1]
	at java.base/java.util.ArrayList.forEach(ArrayList.java:1540) ~[na:na]
	at org.junit.platform.engine.support.hierarchical.SameThreadHierarchicalTestExecutorService.invokeAll(SameThreadHierarchicalTestExecutorService.java:38) ~[junit-platform-engine-1.7.0-M1.jar:1.7.0-M1]
	at org.junit.platform.engine.support.hierarchical.NodeTestTask.lambda$executeRecursively$5(NodeTestTask.java:143) ~[junit-platform-engine-1.7.0-M1.jar:1.7.0-M1]
	at org.junit.platform.engine.support.hierarchical.ThrowableCollector.execute(ThrowableCollector.java:73) ~[junit-platform-engine-1.7.0-M1.jar:1.7.0-M1]
	at org.junit.platform.engine.support.hierarchical.NodeTestTask.lambda$executeRecursively$7(NodeTestTask.java:129) ~[junit-platform-engine-1.7.0-M1.jar:1.7.0-M1]
	at org.junit.platform.engine.support.hierarchical.Node.around(Node.java:137) ~[junit-platform-engine-1.7.0-M1.jar:1.7.0-M1]
	at org.junit.platform.engine.support.hierarchical.NodeTestTask.lambda$executeRecursively$8(NodeTestTask.java:127) ~[junit-platform-engine-1.7.0-M1.jar:1.7.0-M1]
	at org.junit.platform.engine.support.hierarchical.ThrowableCollector.execute(ThrowableCollector.java:73) ~[junit-platform-engine-1.7.0-M1.jar:1.7.0-M1]
	at org.junit.platform.engine.support.hierarchical.NodeTestTask.executeRecursively(NodeTestTask.java:126) ~[junit-platform-engine-1.7.0-M1.jar:1.7.0-M1]
	at org.junit.platform.engine.support.hierarchical.NodeTestTask.execute(NodeTestTask.java:84) ~[junit-platform-engine-1.7.0-M1.jar:1.7.0-M1]
	at java.base/java.util.ArrayList.forEach(ArrayList.java:1540) ~[na:na]
	at org.junit.platform.engine.support.hierarchical.SameThreadHierarchicalTestExecutorService.invokeAll(SameThreadHierarchicalTestExecutorService.java:38) ~[junit-platform-engine-1.7.0-M1.jar:1.7.0-M1]
	at org.junit.platform.engine.support.hierarchical.NodeTestTask.lambda$executeRecursively$5(NodeTestTask.java:143) ~[junit-platform-engine-1.7.0-M1.jar:1.7.0-M1]
	at org.junit.platform.engine.support.hierarchical.ThrowableCollector.execute(ThrowableCollector.java:73) ~[junit-platform-engine-1.7.0-M1.jar:1.7.0-M1]
	at org.junit.platform.engine.support.hierarchical.NodeTestTask.lambda$executeRecursively$7(NodeTestTask.java:129) ~[junit-platform-engine-1.7.0-M1.jar:1.7.0-M1]
	at org.junit.platform.engine.support.hierarchical.Node.around(Node.java:137) ~[junit-platform-engine-1.7.0-M1.jar:1.7.0-M1]
	at org.junit.platform.engine.support.hierarchical.NodeTestTask.lambda$executeRecursively$8(NodeTestTask.java:127) ~[junit-platform-engine-1.7.0-M1.jar:1.7.0-M1]
	at org.junit.platform.engine.support.hierarchical.ThrowableCollector.execute(ThrowableCollector.java:73) ~[junit-platform-engine-1.7.0-M1.jar:1.7.0-M1]
	at org.junit.platform.engine.support.hierarchical.NodeTestTask.executeRecursively(NodeTestTask.java:126) ~[junit-platform-engine-1.7.0-M1.jar:1.7.0-M1]
	at org.junit.platform.engine.support.hierarchical.NodeTestTask.execute(NodeTestTask.java:84) ~[junit-platform-engine-1.7.0-M1.jar:1.7.0-M1]
	at org.junit.platform.engine.support.hierarchical.SameThreadHierarchicalTestExecutorService.submit(SameThreadHierarchicalTestExecutorService.java:32) ~[junit-platform-engine-1.7.0-M1.jar:1.7.0-M1]
	at org.junit.platform.engine.support.hierarchical.HierarchicalTestExecutor.execute(HierarchicalTestExecutor.java:57) ~[junit-platform-engine-1.7.0-M1.jar:1.7.0-M1]
	at org.junit.platform.engine.support.hierarchical.HierarchicalTestEngine.execute(HierarchicalTestEngine.java:51) ~[junit-platform-engine-1.7.0-M1.jar:1.7.0-M1]
	at org.junit.platform.launcher.core.EngineExecutionOrchestrator.execute(EngineExecutionOrchestrator.java:107) ~[junit-platform-launcher-1.7.0-M1.jar:1.7.0-M1]
	at org.junit.platform.launcher.core.EngineExecutionOrchestrator.execute(EngineExecutionOrchestrator.java:87) ~[junit-platform-launcher-1.7.0-M1.jar:1.7.0-M1]
	at org.junit.platform.launcher.core.EngineExecutionOrchestrator.lambda$execute$0(EngineExecutionOrchestrator.java:53) ~[junit-platform-launcher-1.7.0-M1.jar:1.7.0-M1]
	at org.junit.platform.launcher.core.EngineExecutionOrchestrator.withInterceptedStreams(EngineExecutionOrchestrator.java:66) ~[junit-platform-launcher-1.7.0-M1.jar:1.7.0-M1]
	at org.junit.platform.launcher.core.EngineExecutionOrchestrator.execute(EngineExecutionOrchestrator.java:51) ~[junit-platform-launcher-1.7.0-M1.jar:1.7.0-M1]
	at org.junit.platform.launcher.core.DefaultLauncher.execute(DefaultLauncher.java:87) ~[junit-platform-launcher-1.7.0-M1.jar:1.7.0-M1]
	at org.junit.platform.launcher.core.DefaultLauncher.execute(DefaultLauncher.java:66) ~[junit-platform-launcher-1.7.0-M1.jar:1.7.0-M1]
	at com.intellij.junit5.JUnit5IdeaTestRunner.startRunnerWithArgs(JUnit5IdeaTestRunner.java:69) ~[junit5-rt.jar:na]
	at com.intellij.rt.execution.junit.IdeaTestRunner$Repeater.startRunnerWithArgs(IdeaTestRunner.java:47) ~[junit-rt.jar:na]
	at com.intellij.rt.execution.junit.JUnitStarter.prepareStreamsAndStart(JUnitStarter.java:242) ~[junit-rt.jar:na]
	at com.intellij.rt.execution.junit.JUnitStarter.main(JUnitStarter.java:70) ~[junit-rt.jar:na]
2155991 [main] WARN  o.a.kafka.clients.NetworkClient - [Consumer clientId=consumer-test-4071, groupId=test] Error connecting to node kafka-n1-tst:9092 (id: 0 rack: null)
java.net.SocketException: No buffer space available (maximum connections reached?): connect
	at java.base/sun.nio.ch.Net.connect0(Native Method) ~[na:na]
	at java.base/sun.nio.ch.Net.connect(Net.java:476) ~[na:na]
	at java.base/sun.nio.ch.Net.connect(Net.java:468) ~[na:na]
	at java.base/sun.nio.ch.SocketChannelImpl.connect(SocketChannelImpl.java:694) ~[na:na]
	at org.apache.kafka.common.network.Selector.doConnect(Selector.java:277) ~[kafka-clients-2.5.0.jar:na]
	at org.apache.kafka.common.network.Selector.connect(Selector.java:255) ~[kafka-clients-2.5.0.jar:na]
	at org.apache.kafka.clients.NetworkClient.initiateConnect(NetworkClient.java:957) ~[kafka-clients-2.5.0.jar:na]
	at org.apache.kafka.clients.NetworkClient.access$600(NetworkClient.java:73) ~[kafka-clients-2.5.0.jar:na]
	at org.apache.kafka.clients.NetworkClient$DefaultMetadataUpdater.maybeUpdate(NetworkClient.java:1128) ~[kafka-clients-2.5.0.jar:na]
	at org.apache.kafka.clients.NetworkClient$DefaultMetadataUpdater.maybeUpdate(NetworkClient.java:1016) ~[kafka-clients-2.5.0.jar:na]
	at org.apache.kafka.clients.NetworkClient.poll(NetworkClient.java:547) ~[kafka-clients-2.5.0.jar:na]
	at org.apache.kafka.clients.consumer.internals.ConsumerNetworkClient.poll(ConsumerNetworkClient.java:262) ~[kafka-clients-2.5.0.jar:na]
	at org.apache.kafka.clients.consumer.internals.ConsumerNetworkClient.poll(ConsumerNetworkClient.java:233) ~[kafka-clients-2.5.0.jar:na]
	at org.apache.kafka.clients.consumer.internals.ConsumerNetworkClient.poll(ConsumerNetworkClient.java:224) ~[kafka-clients-2.5.0.jar:na]
	at org.apache.kafka.clients.consumer.internals.ConsumerNetworkClient.awaitMetadataUpdate(ConsumerNetworkClient.java:161) ~[kafka-clients-2.5.0.jar:na]
	at org.apache.kafka.clients.consumer.internals.AbstractCoordinator.ensureCoordinatorReady(AbstractCoordinator.java:246) ~[kafka-clients-2.5.0.jar:na]
	at org.apache.kafka.clients.consumer.internals.ConsumerCoordinator.fetchCommittedOffsets(ConsumerCoordinator.java:820) ~[kafka-clients-2.5.0.jar:na]
	at org.apache.kafka.clients.consumer.internals.ConsumerCoordinator.refreshCommittedOffsetsIfNeeded(ConsumerCoordinator.java:772) ~[kafka-clients-2.5.0.jar:na]
	at org.apache.kafka.clients.consumer.KafkaConsumer.updateFetchPositions(KafkaConsumer.java:2387) ~[kafka-clients-2.5.0.jar:na]
	at org.apache.kafka.clients.consumer.KafkaConsumer.updateAssignmentMetadataIfNeeded(KafkaConsumer.java:1279) ~[kafka-clients-2.5.0.jar:na]
	at org.apache.kafka.clients.consumer.KafkaConsumer.poll(KafkaConsumer.java:1243) ~[kafka-clients-2.5.0.jar:na]
	at org.apache.kafka.clients.consumer.KafkaConsumer.poll(KafkaConsumer.java:1173) ~[kafka-clients-2.5.0.jar:na]
	at FTtransport.KafkaTest.consumeTypeMethod(KafkaTest.java:324) ~[test-classes/:na]
	at FTtransport.TestFT.getFromStorage(TestFT.java:285) ~[test-classes/:na]
	at FTtransport.UnitTests.ft_getFromStorage_4withStringSource_COMPLETED(UnitTests.java:154) ~[test-classes/:na]
	at java.base/jdk.internal.reflect.NativeMethodAccessorImpl.invoke0(Native Method) ~[na:na]
	at java.base/jdk.internal.reflect.NativeMethodAccessorImpl.invoke(NativeMethodAccessorImpl.java:62) ~[na:na]
	at java.base/jdk.internal.reflect.DelegatingMethodAccessorImpl.invoke(DelegatingMethodAccessorImpl.java:43) ~[na:na]
	at java.base/java.lang.reflect.Method.invoke(Method.java:567) ~[na:na]
	at org.junit.platform.commons.util.ReflectionUtils.invokeMethod(ReflectionUtils.java:688) ~[junit-platform-commons-1.7.0-M1.jar:1.7.0-M1]
	at org.junit.jupiter.engine.execution.MethodInvocation.proceed(MethodInvocation.java:60) ~[junit-jupiter-engine-5.7.0-M1.jar:5.7.0-M1]
	at org.junit.jupiter.engine.execution.InvocationInterceptorChain$ValidatingInvocation.proceed(InvocationInterceptorChain.java:131) ~[junit-jupiter-engine-5.7.0-M1.jar:5.7.0-M1]
	at org.junit.jupiter.engine.extension.TimeoutExtension.intercept(TimeoutExtension.java:149) ~[junit-jupiter-engine-5.7.0-M1.jar:5.7.0-M1]
	at org.junit.jupiter.engine.extension.TimeoutExtension.interceptTestableMethod(TimeoutExtension.java:140) ~[junit-jupiter-engine-5.7.0-M1.jar:5.7.0-M1]
	at org.junit.jupiter.engine.extension.TimeoutExtension.interceptTestMethod(TimeoutExtension.java:84) ~[junit-jupiter-engine-5.7.0-M1.jar:5.7.0-M1]
	at org.junit.jupiter.engine.execution.ExecutableInvoker$ReflectiveInterceptorCall.lambda$ofVoidMethod$0(ExecutableInvoker.java:115) ~[junit-jupiter-engine-5.7.0-M1.jar:5.7.0-M1]
	at org.junit.jupiter.engine.execution.ExecutableInvoker.lambda$invoke$0(ExecutableInvoker.java:105) ~[junit-jupiter-engine-5.7.0-M1.jar:5.7.0-M1]
	at org.junit.jupiter.engine.execution.InvocationInterceptorChain$InterceptedInvocation.proceed(InvocationInterceptorChain.java:106) ~[junit-jupiter-engine-5.7.0-M1.jar:5.7.0-M1]
	at org.junit.jupiter.engine.execution.InvocationInterceptorChain.proceed(InvocationInterceptorChain.java:64) ~[junit-jupiter-engine-5.7.0-M1.jar:5.7.0-M1]
	at org.junit.jupiter.engine.execution.InvocationInterceptorChain.chainAndInvoke(InvocationInterceptorChain.java:45) ~[junit-jupiter-engine-5.7.0-M1.jar:5.7.0-M1]
	at org.junit.jupiter.engine.execution.InvocationInterceptorChain.invoke(InvocationInterceptorChain.java:37) ~[junit-jupiter-engine-5.7.0-M1.jar:5.7.0-M1]
	at org.junit.jupiter.engine.execution.ExecutableInvoker.invoke(ExecutableInvoker.java:104) ~[junit-jupiter-engine-5.7.0-M1.jar:5.7.0-M1]
	at org.junit.jupiter.engine.execution.ExecutableInvoker.invoke(ExecutableInvoker.java:98) ~[junit-jupiter-engine-5.7.0-M1.jar:5.7.0-M1]
	at org.junit.jupiter.engine.descriptor.TestMethodTestDescriptor.lambda$invokeTestMethod$6(TestMethodTestDescriptor.java:212) ~[junit-jupiter-engine-5.7.0-M1.jar:5.7.0-M1]
	at org.junit.platform.engine.support.hierarchical.ThrowableCollector.execute(ThrowableCollector.java:73) ~[junit-platform-engine-1.7.0-M1.jar:1.7.0-M1]
	at org.junit.jupiter.engine.descriptor.TestMethodTestDescriptor.invokeTestMethod(TestMethodTestDescriptor.java:208) ~[junit-jupiter-engine-5.7.0-M1.jar:5.7.0-M1]
	at org.junit.jupiter.engine.descriptor.TestMethodTestDescriptor.execute(TestMethodTestDescriptor.java:137) ~[junit-jupiter-engine-5.7.0-M1.jar:5.7.0-M1]
	at org.junit.jupiter.engine.descriptor.TestMethodTestDescriptor.execute(TestMethodTestDescriptor.java:71) ~[junit-jupiter-engine-5.7.0-M1.jar:5.7.0-M1]
	at org.junit.platform.engine.support.hierarchical.NodeTestTask.lambda$executeRecursively$5(NodeTestTask.java:139) ~[junit-platform-engine-1.7.0-M1.jar:1.7.0-M1]
	at org.junit.platform.engine.support.hierarchical.ThrowableCollector.execute(ThrowableCollector.java:73) ~[junit-platform-engine-1.7.0-M1.jar:1.7.0-M1]
	at org.junit.platform.engine.support.hierarchical.NodeTestTask.lambda$executeRecursively$7(NodeTestTask.java:129) ~[junit-platform-engine-1.7.0-M1.jar:1.7.0-M1]
	at org.junit.platform.engine.support.hierarchical.Node.around(Node.java:137) ~[junit-platform-engine-1.7.0-M1.jar:1.7.0-M1]
	at org.junit.platform.engine.support.hierarchical.NodeTestTask.lambda$executeRecursively$8(NodeTestTask.java:127) ~[junit-platform-engine-1.7.0-M1.jar:1.7.0-M1]
	at org.junit.platform.engine.support.hierarchical.ThrowableCollector.execute(ThrowableCollector.java:73) ~[junit-platform-engine-1.7.0-M1.jar:1.7.0-M1]
	at org.junit.platform.engine.support.hierarchical.NodeTestTask.executeRecursively(NodeTestTask.java:126) ~[junit-platform-engine-1.7.0-M1.jar:1.7.0-M1]
	at org.junit.platform.engine.support.hierarchical.NodeTestTask.execute(NodeTestTask.java:84) ~[junit-platform-engine-1.7.0-M1.jar:1.7.0-M1]
	at java.base/java.util.ArrayList.forEach(ArrayList.java:1540) ~[na:na]
	at org.junit.platform.engine.support.hierarchical.SameThreadHierarchicalTestExecutorService.invokeAll(SameThreadHierarchicalTestExecutorService.java:38) ~[junit-platform-engine-1.7.0-M1.jar:1.7.0-M1]
	at org.junit.platform.engine.support.hierarchical.NodeTestTask.lambda$executeRecursively$5(NodeTestTask.java:143) ~[junit-platform-engine-1.7.0-M1.jar:1.7.0-M1]
	at org.junit.platform.engine.support.hierarchical.ThrowableCollector.execute(ThrowableCollector.java:73) ~[junit-platform-engine-1.7.0-M1.jar:1.7.0-M1]
	at org.junit.platform.engine.support.hierarchical.NodeTestTask.lambda$executeRecursively$7(NodeTestTask.java:129) ~[junit-platform-engine-1.7.0-M1.jar:1.7.0-M1]
	at org.junit.platform.engine.support.hierarchical.Node.around(Node.java:137) ~[junit-platform-engine-1.7.0-M1.jar:1.7.0-M1]
	at org.junit.platform.engine.support.hierarchical.NodeTestTask.lambda$executeRecursively$8(NodeTestTask.java:127) ~[junit-platform-engine-1.7.0-M1.jar:1.7.0-M1]
	at org.junit.platform.engine.support.hierarchical.ThrowableCollector.execute(ThrowableCollector.java:73) ~[junit-platform-engine-1.7.0-M1.jar:1.7.0-M1]
	at org.junit.platform.engine.support.hierarchical.NodeTestTask.executeRecursively(NodeTestTask.java:126) ~[junit-platform-engine-1.7.0-M1.jar:1.7.0-M1]
	at org.junit.platform.engine.support.hierarchical.NodeTestTask.execute(NodeTestTask.java:84) ~[junit-platform-engine-1.7.0-M1.jar:1.7.0-M1]
	at java.base/java.util.ArrayList.forEach(ArrayList.java:1540) ~[na:na]
	at org.junit.platform.engine.support.hierarchical.SameThreadHierarchicalTestExecutorService.invokeAll(SameThreadHierarchicalTestExecutorService.java:38) ~[junit-platform-engine-1.7.0-M1.jar:1.7.0-M1]
	at org.junit.platform.engine.support.hierarchical.NodeTestTask.lambda$executeRecursively$5(NodeTestTask.java:143) ~[junit-platform-engine-1.7.0-M1.jar:1.7.0-M1]
	at org.junit.platform.engine.support.hierarchical.ThrowableCollector.execute(ThrowableCollector.java:73) ~[junit-platform-engine-1.7.0-M1.jar:1.7.0-M1]
	at org.junit.platform.engine.support.hierarchical.NodeTestTask.lambda$executeRecursively$7(NodeTestTask.java:129) ~[junit-platform-engine-1.7.0-M1.jar:1.7.0-M1]
	at org.junit.platform.engine.support.hierarchical.Node.around(Node.java:137) ~[junit-platform-engine-1.7.0-M1.jar:1.7.0-M1]
	at org.junit.platform.engine.support.hierarchical.NodeTestTask.lambda$executeRecursively$8(NodeTestTask.java:127) ~[junit-platform-engine-1.7.0-M1.jar:1.7.0-M1]
	at org.junit.platform.engine.support.hierarchical.ThrowableCollector.execute(ThrowableCollector.java:73) ~[junit-platform-engine-1.7.0-M1.jar:1.7.0-M1]
	at org.junit.platform.engine.support.hierarchical.NodeTestTask.executeRecursively(NodeTestTask.java:126) ~[junit-platform-engine-1.7.0-M1.jar:1.7.0-M1]
	at org.junit.platform.engine.support.hierarchical.NodeTestTask.execute(NodeTestTask.java:84) ~[junit-platform-engine-1.7.0-M1.jar:1.7.0-M1]
	at org.junit.platform.engine.support.hierarchical.SameThreadHierarchicalTestExecutorService.submit(SameThreadHierarchicalTestExecutorService.java:32) ~[junit-platform-engine-1.7.0-M1.jar:1.7.0-M1]
	at org.junit.platform.engine.support.hierarchical.HierarchicalTestExecutor.execute(HierarchicalTestExecutor.java:57) ~[junit-platform-engine-1.7.0-M1.jar:1.7.0-M1]
	at org.junit.platform.engine.support.hierarchical.HierarchicalTestEngine.execute(HierarchicalTestEngine.java:51) ~[junit-platform-engine-1.7.0-M1.jar:1.7.0-M1]
	at org.junit.platform.launcher.core.EngineExecutionOrchestrator.execute(EngineExecutionOrchestrator.java:107) ~[junit-platform-launcher-1.7.0-M1.jar:1.7.0-M1]
	at org.junit.platform.launcher.core.EngineExecutionOrchestrator.execute(EngineExecutionOrchestrator.java:87) ~[junit-platform-launcher-1.7.0-M1.jar:1.7.0-M1]
	at org.junit.platform.launcher.core.EngineExecutionOrchestrator.lambda$execute$0(EngineExecutionOrchestrator.java:53) ~[junit-platform-launcher-1.7.0-M1.jar:1.7.0-M1]
	at org.junit.platform.launcher.core.EngineExecutionOrchestrator.withInterceptedStreams(EngineExecutionOrchestrator.java:66) ~[junit-platform-launcher-1.7.0-M1.jar:1.7.0-M1]
	at org.junit.platform.launcher.core.EngineExecutionOrchestrator.execute(EngineExecutionOrchestrator.java:51) ~[junit-platform-launcher-1.7.0-M1.jar:1.7.0-M1]
	at org.junit.platform.launcher.core.DefaultLauncher.execute(DefaultLauncher.java:87) ~[junit-platform-launcher-1.7.0-M1.jar:1.7.0-M1]
	at org.junit.platform.launcher.core.DefaultLauncher.execute(DefaultLauncher.java:66) ~[junit-platform-launcher-1.7.0-M1.jar:1.7.0-M1]
	at com.intellij.junit5.JUnit5IdeaTestRunner.startRunnerWithArgs(JUnit5IdeaTestRunner.java:69) ~[junit5-rt.jar:na]
	at com.intellij.rt.execution.junit.IdeaTestRunner$Repeater.startRunnerWithArgs(IdeaTestRunner.java:47) ~[junit-rt.jar:na]
	at com.intellij.rt.execution.junit.JUnitStarter.prepareStreamsAndStart(JUnitStarter.java:242) ~[junit-rt.jar:na]
	at com.intellij.rt.execution.junit.JUnitStarter.main(JUnitStarter.java:70) ~[junit-rt.jar:na]
2156891 [main] WARN  o.a.kafka.clients.NetworkClient - [Consumer clientId=consumer-test-4071, groupId=test] Error connecting to node kafka-n1-tst:9092 (id: 0 rack: null)
java.net.SocketException: No buffer space available (maximum connections reached?): connect
	at java.base/sun.nio.ch.Net.connect0(Native Method) ~[na:na]
	at java.base/sun.nio.ch.Net.connect(Net.java:476) ~[na:na]
	at java.base/sun.nio.ch.Net.connect(Net.java:468) ~[na:na]
	at java.base/sun.nio.ch.SocketChannelImpl.connect(SocketChannelImpl.java:694) ~[na:na]
	at org.apache.kafka.common.network.Selector.doConnect(Selector.java:277) ~[kafka-clients-2.5.0.jar:na]
	at org.apache.kafka.common.network.Selector.connect(Selector.java:255) ~[kafka-clients-2.5.0.jar:na]
	at org.apache.kafka.clients.NetworkClient.initiateConnect(NetworkClient.java:957) ~[kafka-clients-2.5.0.jar:na]
	at org.apache.kafka.clients.NetworkClient.access$600(NetworkClient.java:73) ~[kafka-clients-2.5.0.jar:na]
	at org.apache.kafka.clients.NetworkClient$DefaultMetadataUpdater.maybeUpdate(NetworkClient.java:1128) ~[kafka-clients-2.5.0.jar:na]
	at org.apache.kafka.clients.NetworkClient$DefaultMetadataUpdater.maybeUpdate(NetworkClient.java:1016) ~[kafka-clients-2.5.0.jar:na]
	at org.apache.kafka.clients.NetworkClient.poll(NetworkClient.java:547) ~[kafka-clients-2.5.0.jar:na]
	at org.apache.kafka.clients.consumer.internals.ConsumerNetworkClient.poll(ConsumerNetworkClient.java:262) ~[kafka-clients-2.5.0.jar:na]
	at org.apache.kafka.clients.consumer.internals.ConsumerNetworkClient.poll(ConsumerNetworkClient.java:233) ~[kafka-clients-2.5.0.jar:na]
	at org.apache.kafka.clients.consumer.internals.ConsumerNetworkClient.poll(ConsumerNetworkClient.java:224) ~[kafka-clients-2.5.0.jar:na]
	at org.apache.kafka.clients.consumer.internals.ConsumerNetworkClient.awaitMetadataUpdate(ConsumerNetworkClient.java:161) ~[kafka-clients-2.5.0.jar:na]
	at org.apache.kafka.clients.consumer.internals.AbstractCoordinator.ensureCoordinatorReady(AbstractCoordinator.java:246) ~[kafka-clients-2.5.0.jar:na]
	at org.apache.kafka.clients.consumer.internals.ConsumerCoordinator.fetchCommittedOffsets(ConsumerCoordinator.java:820) ~[kafka-clients-2.5.0.jar:na]
	at org.apache.kafka.clients.consumer.internals.ConsumerCoordinator.refreshCommittedOffsetsIfNeeded(ConsumerCoordinator.java:772) ~[kafka-clients-2.5.0.jar:na]
	at org.apache.kafka.clients.consumer.KafkaConsumer.updateFetchPositions(KafkaConsumer.java:2387) ~[kafka-clients-2.5.0.jar:na]
	at org.apache.kafka.clients.consumer.KafkaConsumer.updateAssignmentMetadataIfNeeded(KafkaConsumer.java:1279) ~[kafka-clients-2.5.0.jar:na]
	at org.apache.kafka.clients.consumer.KafkaConsumer.poll(KafkaConsumer.java:1243) ~[kafka-clients-2.5.0.jar:na]
	at org.apache.kafka.clients.consumer.KafkaConsumer.poll(KafkaConsumer.java:1173) ~[kafka-clients-2.5.0.jar:na]
	at FTtransport.KafkaTest.consumeTypeMethod(KafkaTest.java:324) ~[test-classes/:na]
	at FTtransport.TestFT.getFromStorage(TestFT.java:285) ~[test-classes/:na]
	at FTtransport.UnitTests.ft_getFromStorage_4withStringSource_COMPLETED(UnitTests.java:154) ~[test-classes/:na]
	at java.base/jdk.internal.reflect.NativeMethodAccessorImpl.invoke0(Native Method) ~[na:na]
	at java.base/jdk.internal.reflect.NativeMethodAccessorImpl.invoke(NativeMethodAccessorImpl.java:62) ~[na:na]
	at java.base/jdk.internal.reflect.DelegatingMethodAccessorImpl.invoke(DelegatingMethodAccessorImpl.java:43) ~[na:na]
	at java.base/java.lang.reflect.Method.invoke(Method.java:567) ~[na:na]
	at org.junit.platform.commons.util.ReflectionUtils.invokeMethod(ReflectionUtils.java:688) ~[junit-platform-commons-1.7.0-M1.jar:1.7.0-M1]
	at org.junit.jupiter.engine.execution.MethodInvocation.proceed(MethodInvocation.java:60) ~[junit-jupiter-engine-5.7.0-M1.jar:5.7.0-M1]
	at org.junit.jupiter.engine.execution.InvocationInterceptorChain$ValidatingInvocation.proceed(InvocationInterceptorChain.java:131) ~[junit-jupiter-engine-5.7.0-M1.jar:5.7.0-M1]
	at org.junit.jupiter.engine.extension.TimeoutExtension.intercept(TimeoutExtension.java:149) ~[junit-jupiter-engine-5.7.0-M1.jar:5.7.0-M1]
	at org.junit.jupiter.engine.extension.TimeoutExtension.interceptTestableMethod(TimeoutExtension.java:140) ~[junit-jupiter-engine-5.7.0-M1.jar:5.7.0-M1]
	at org.junit.jupiter.engine.extension.TimeoutExtension.interceptTestMethod(TimeoutExtension.java:84) ~[junit-jupiter-engine-5.7.0-M1.jar:5.7.0-M1]
	at org.junit.jupiter.engine.execution.ExecutableInvoker$ReflectiveInterceptorCall.lambda$ofVoidMethod$0(ExecutableInvoker.java:115) ~[junit-jupiter-engine-5.7.0-M1.jar:5.7.0-M1]
	at org.junit.jupiter.engine.execution.ExecutableInvoker.lambda$invoke$0(ExecutableInvoker.java:105) ~[junit-jupiter-engine-5.7.0-M1.jar:5.7.0-M1]
	at org.junit.jupiter.engine.execution.InvocationInterceptorChain$InterceptedInvocation.proceed(InvocationInterceptorChain.java:106) ~[junit-jupiter-engine-5.7.0-M1.jar:5.7.0-M1]
	at org.junit.jupiter.engine.execution.InvocationInterceptorChain.proceed(InvocationInterceptorChain.java:64) ~[junit-jupiter-engine-5.7.0-M1.jar:5.7.0-M1]
	at org.junit.jupiter.engine.execution.InvocationInterceptorChain.chainAndInvoke(InvocationInterceptorChain.java:45) ~[junit-jupiter-engine-5.7.0-M1.jar:5.7.0-M1]
	at org.junit.jupiter.engine.execution.InvocationInterceptorChain.invoke(InvocationInterceptorChain.java:37) ~[junit-jupiter-engine-5.7.0-M1.jar:5.7.0-M1]
	at org.junit.jupiter.engine.execution.ExecutableInvoker.invoke(ExecutableInvoker.java:104) ~[junit-jupiter-engine-5.7.0-M1.jar:5.7.0-M1]
	at org.junit.jupiter.engine.execution.ExecutableInvoker.invoke(ExecutableInvoker.java:98) ~[junit-jupiter-engine-5.7.0-M1.jar:5.7.0-M1]
	at org.junit.jupiter.engine.descriptor.TestMethodTestDescriptor.lambda$invokeTestMethod$6(TestMethodTestDescriptor.java:212) ~[junit-jupiter-engine-5.7.0-M1.jar:5.7.0-M1]
	at org.junit.platform.engine.support.hierarchical.ThrowableCollector.execute(ThrowableCollector.java:73) ~[junit-platform-engine-1.7.0-M1.jar:1.7.0-M1]
	at org.junit.jupiter.engine.descriptor.TestMethodTestDescriptor.invokeTestMethod(TestMethodTestDescriptor.java:208) ~[junit-jupiter-engine-5.7.0-M1.jar:5.7.0-M1]
	at org.junit.jupiter.engine.descriptor.TestMethodTestDescriptor.execute(TestMethodTestDescriptor.java:137) ~[junit-jupiter-engine-5.7.0-M1.jar:5.7.0-M1]
	at org.junit.jupiter.engine.descriptor.TestMethodTestDescriptor.execute(TestMethodTestDescriptor.java:71) ~[junit-jupiter-engine-5.7.0-M1.jar:5.7.0-M1]
	at org.junit.platform.engine.support.hierarchical.NodeTestTask.lambda$executeRecursively$5(NodeTestTask.java:139) ~[junit-platform-engine-1.7.0-M1.jar:1.7.0-M1]
	at org.junit.platform.engine.support.hierarchical.ThrowableCollector.execute(ThrowableCollector.java:73) ~[junit-platform-engine-1.7.0-M1.jar:1.7.0-M1]
	at org.junit.platform.engine.support.hierarchical.NodeTestTask.lambda$executeRecursively$7(NodeTestTask.java:129) ~[junit-platform-engine-1.7.0-M1.jar:1.7.0-M1]
	at org.junit.platform.engine.support.hierarchical.Node.around(Node.java:137) ~[junit-platform-engine-1.7.0-M1.jar:1.7.0-M1]
	at org.junit.platform.engine.support.hierarchical.NodeTestTask.lambda$executeRecursively$8(NodeTestTask.java:127) ~[junit-platform-engine-1.7.0-M1.jar:1.7.0-M1]
	at org.junit.platform.engine.support.hierarchical.ThrowableCollector.execute(ThrowableCollector.java:73) ~[junit-platform-engine-1.7.0-M1.jar:1.7.0-M1]
	at org.junit.platform.engine.support.hierarchical.NodeTestTask.executeRecursively(NodeTestTask.java:126) ~[junit-platform-engine-1.7.0-M1.jar:1.7.0-M1]
	at org.junit.platform.engine.support.hierarchical.NodeTestTask.execute(NodeTestTask.java:84) ~[junit-platform-engine-1.7.0-M1.jar:1.7.0-M1]
	at java.base/java.util.ArrayList.forEach(ArrayList.java:1540) ~[na:na]
	at org.junit.platform.engine.support.hierarchical.SameThreadHierarchicalTestExecutorService.invokeAll(SameThreadHierarchicalTestExecutorService.java:38) ~[junit-platform-engine-1.7.0-M1.jar:1.7.0-M1]
	at org.junit.platform.engine.support.hierarchical.NodeTestTask.lambda$executeRecursively$5(NodeTestTask.java:143) ~[junit-platform-engine-1.7.0-M1.jar:1.7.0-M1]
	at org.junit.platform.engine.support.hierarchical.ThrowableCollector.execute(ThrowableCollector.java:73) ~[junit-platform-engine-1.7.0-M1.jar:1.7.0-M1]
	at org.junit.platform.engine.support.hierarchical.NodeTestTask.lambda$executeRecursively$7(NodeTestTask.java:129) ~[junit-platform-engine-1.7.0-M1.jar:1.7.0-M1]
	at org.junit.platform.engine.support.hierarchical.Node.around(Node.java:137) ~[junit-platform-engine-1.7.0-M1.jar:1.7.0-M1]
	at org.junit.platform.engine.support.hierarchical.NodeTestTask.lambda$executeRecursively$8(NodeTestTask.java:127) ~[junit-platform-engine-1.7.0-M1.jar:1.7.0-M1]
	at org.junit.platform.engine.support.hierarchical.ThrowableCollector.execute(ThrowableCollector.java:73) ~[junit-platform-engine-1.7.0-M1.jar:1.7.0-M1]
	at org.junit.platform.engine.support.hierarchical.NodeTestTask.executeRecursively(NodeTestTask.java:126) ~[junit-platform-engine-1.7.0-M1.jar:1.7.0-M1]
	at org.junit.platform.engine.support.hierarchical.NodeTestTask.execute(NodeTestTask.java:84) ~[junit-platform-engine-1.7.0-M1.jar:1.7.0-M1]
	at java.base/java.util.ArrayList.forEach(ArrayList.java:1540) ~[na:na]
	at org.junit.platform.engine.support.hierarchical.SameThreadHierarchicalTestExecutorService.invokeAll(SameThreadHierarchicalTestExecutorService.java:38) ~[junit-platform-engine-1.7.0-M1.jar:1.7.0-M1]
	at org.junit.platform.engine.support.hierarchical.NodeTestTask.lambda$executeRecursively$5(NodeTestTask.java:143) ~[junit-platform-engine-1.7.0-M1.jar:1.7.0-M1]
	at org.junit.platform.engine.support.hierarchical.ThrowableCollector.execute(ThrowableCollector.java:73) ~[junit-platform-engine-1.7.0-M1.jar:1.7.0-M1]
	at org.junit.platform.engine.support.hierarchical.NodeTestTask.lambda$executeRecursively$7(NodeTestTask.java:129) ~[junit-platform-engine-1.7.0-M1.jar:1.7.0-M1]
	at org.junit.platform.engine.support.hierarchical.Node.around(Node.java:137) ~[junit-platform-engine-1.7.0-M1.jar:1.7.0-M1]
	at org.junit.platform.engine.support.hierarchical.NodeTestTask.lambda$executeRecursively$8(NodeTestTask.java:127) ~[junit-platform-engine-1.7.0-M1.jar:1.7.0-M1]
	at org.junit.platform.engine.support.hierarchical.ThrowableCollector.execute(ThrowableCollector.java:73) ~[junit-platform-engine-1.7.0-M1.jar:1.7.0-M1]
	at org.junit.platform.engine.support.hierarchical.NodeTestTask.executeRecursively(NodeTestTask.java:126) ~[junit-platform-engine-1.7.0-M1.jar:1.7.0-M1]
	at org.junit.platform.engine.support.hierarchical.NodeTestTask.execute(NodeTestTask.java:84) ~[junit-platform-engine-1.7.0-M1.jar:1.7.0-M1]
	at org.junit.platform.engine.support.hierarchical.SameThreadHierarchicalTestExecutorService.submit(SameThreadHierarchicalTestExecutorService.java:32) ~[junit-platform-engine-1.7.0-M1.jar:1.7.0-M1]
	at org.junit.platform.engine.support.hierarchical.HierarchicalTestExecutor.execute(HierarchicalTestExecutor.java:57) ~[junit-platform-engine-1.7.0-M1.jar:1.7.0-M1]
	at org.junit.platform.engine.support.hierarchical.HierarchicalTestEngine.execute(HierarchicalTestEngine.java:51) ~[junit-platform-engine-1.7.0-M1.jar:1.7.0-M1]
	at org.junit.platform.launcher.core.EngineExecutionOrchestrator.execute(EngineExecutionOrchestrator.java:107) ~[junit-platform-launcher-1.7.0-M1.jar:1.7.0-M1]
	at org.junit.platform.launcher.core.EngineExecutionOrchestrator.execute(EngineExecutionOrchestrator.java:87) ~[junit-platform-launcher-1.7.0-M1.jar:1.7.0-M1]
	at org.junit.platform.launcher.core.EngineExecutionOrchestrator.lambda$execute$0(EngineExecutionOrchestrator.java:53) ~[junit-platform-launcher-1.7.0-M1.jar:1.7.0-M1]
	at org.junit.platform.launcher.core.EngineExecutionOrchestrator.withInterceptedStreams(EngineExecutionOrchestrator.java:66) ~[junit-platform-launcher-1.7.0-M1.jar:1.7.0-M1]
	at org.junit.platform.launcher.core.EngineExecutionOrchestrator.execute(EngineExecutionOrchestrator.java:51) ~[junit-platform-launcher-1.7.0-M1.jar:1.7.0-M1]
	at org.junit.platform.launcher.core.DefaultLauncher.execute(DefaultLauncher.java:87) ~[junit-platform-launcher-1.7.0-M1.jar:1.7.0-M1]
	at org.junit.platform.launcher.core.DefaultLauncher.execute(DefaultLauncher.java:66) ~[junit-platform-launcher-1.7.0-M1.jar:1.7.0-M1]
	at com.intellij.junit5.JUnit5IdeaTestRunner.startRunnerWithArgs(JUnit5IdeaTestRunner.java:69) ~[junit5-rt.jar:na]
	at com.intellij.rt.execution.junit.IdeaTestRunner$Repeater.startRunnerWithArgs(IdeaTestRunner.java:47) ~[junit-rt.jar:na]
	at com.intellij.rt.execution.junit.JUnitStarter.prepareStreamsAndStart(JUnitStarter.java:242) ~[junit-rt.jar:na]
	at com.intellij.rt.execution.junit.JUnitStarter.main(JUnitStarter.java:70) ~[junit-rt.jar:na]
